{"/home/tim/Cortex/packages/core/app/database/migrations/001-initial-tables.ts": {"path":"/home/tim/Cortex/packages/core/app/database/migrations/001-initial-tables.ts","statementMap":{"0":{"start":{"line":1,"column":0},"end":{"line":1,"column":45}},"1":{"start":{"line":5,"column":4},"end":{"line":7,"column":7}},"2":{"start":{"line":3,"column":0},"end":{"line":3,"column":21}}},"fnMap":{"0":{"name":"(anonymous_0)","decl":{"start":{"line":4,"column":2},"end":{"line":4,"column":7}},"loc":{"start":{"line":4,"column":10},"end":{"line":8,"column":3}}},"1":{"name":"(anonymous_1)","decl":{"start":{"line":10,"column":2},"end":{"line":10,"column":7}},"loc":{"start":{"line":10,"column":12},"end":{"line":12,"column":3}}}},"branchMap":{},"s":{"0":0,"1":0,"2":0},"f":{"0":0,"1":0},"b":{}}
,"/home/tim/Cortex/packages/core/app/server/collections/computeJobs.ts": {"path":"/home/tim/Cortex/packages/core/app/server/collections/computeJobs.ts","statementMap":{"0":{"start":{"line":1,"column":0},"end":{"line":1,"column":54}},"1":{"start":{"line":3,"column":0},"end":{"line":67,"column":3}}},"fnMap":{},"branchMap":{},"s":{"0":0,"1":0},"f":{},"b":{}}
,"/home/tim/Cortex/packages/core/app/server/collections/networkStatus.ts": {"path":"/home/tim/Cortex/packages/core/app/server/collections/networkStatus.ts","statementMap":{"0":{"start":{"line":1,"column":0},"end":{"line":1,"column":54}},"1":{"start":{"line":3,"column":0},"end":{"line":59,"column":3}}},"fnMap":{},"branchMap":{},"s":{"0":0,"1":0},"f":{},"b":{}}
,"/home/tim/Cortex/packages/core/app/server/collections/users.ts": {"path":"/home/tim/Cortex/packages/core/app/server/collections/users.ts","statementMap":{"0":{"start":{"line":1,"column":0},"end":{"line":1,"column":54}},"1":{"start":{"line":3,"column":0},"end":{"line":65,"column":3}}},"fnMap":{},"branchMap":{},"s":{"0":0,"1":0},"f":{},"b":{}}
,"/home/tim/Cortex/packages/core/app/server/src/index.ts": {"path":"/home/tim/Cortex/packages/core/app/server/src/index.ts","statementMap":{"0":{"start":{"line":2,"column":0},"end":{"line":2,"column":47}},"1":{"start":{"line":3,"column":0},"end":{"line":3,"column":31}},"2":{"start":{"line":5,"column":12},"end":{"line":15,"column":9}},"3":{"start":{"line":17,"column":0},"end":{"line":19,"column":1}},"4":{"start":{"line":18,"column":2},"end":{"line":18,"column":17}},"5":{"start":{"line":21,"column":0},"end":{"line":21,"column":19}}},"fnMap":{},"branchMap":{"0":{"loc":{"start":{"line":7,"column":14},"end":{"line":7,"column":50}},"type":"binary-expr","locations":[{"start":{"line":7,"column":14},"end":{"line":7,"column":36}},{"start":{"line":7,"column":40},"end":{"line":7,"column":50}}]},"1":{"loc":{"start":{"line":8,"column":10},"end":{"line":8,"column":44}},"type":"binary-expr","locations":[{"start":{"line":8,"column":10},"end":{"line":8,"column":29}},{"start":{"line":8,"column":33},"end":{"line":8,"column":44}}]},"2":{"loc":{"start":{"line":9,"column":19},"end":{"line":9,"column":48}},"type":"binary-expr","locations":[{"start":{"line":9,"column":19},"end":{"line":9,"column":38}},{"start":{"line":9,"column":42},"end":{"line":9,"column":48}}]},"3":{"loc":{"start":{"line":10,"column":14},"end":{"line":10,"column":45}},"type":"binary-expr","locations":[{"start":{"line":10,"column":14},"end":{"line":10,"column":33}},{"start":{"line":10,"column":37},"end":{"line":10,"column":45}}]},"4":{"loc":{"start":{"line":11,"column":14},"end":{"line":11,"column":52}},"type":"binary-expr","locations":[{"start":{"line":11,"column":14},"end":{"line":11,"column":37}},{"start":{"line":11,"column":41},"end":{"line":11,"column":52}}]},"5":{"loc":{"start":{"line":12,"column":14},"end":{"line":12,"column":49}},"type":"binary-expr","locations":[{"start":{"line":12,"column":14},"end":{"line":12,"column":37}},{"start":{"line":12,"column":41},"end":{"line":12,"column":49}}]},"6":{"loc":{"start":{"line":17,"column":0},"end":{"line":19,"column":1}},"type":"if","locations":[{"start":{"line":17,"column":0},"end":{"line":19,"column":1}}]}},"s":{"0":0,"1":0,"2":0,"3":0,"4":0,"5":0},"f":{},"b":{"0":[0,0],"1":[0,0],"2":[0,0],"3":[0,0],"4":[0,0],"5":[0,0],"6":[0]}}
,"/home/tim/Cortex/packages/plugins/@cortex/plugin-core/client/index.tsx": {"path":"/home/tim/Cortex/packages/plugins/@cortex/plugin-core/client/index.tsx","statementMap":{"0":{"start":{"line":1,"column":0},"end":{"line":1,"column":26}},"1":{"start":{"line":3,"column":28},"end":{"line":5,"column":1}},"2":{"start":{"line":4,"column":2},"end":{"line":4,"column":25}},"3":{"start":{"line":3,"column":13},"end":{"line":3,"column":28}}},"fnMap":{"0":{"name":"(anonymous_1)","decl":{"start":{"line":3,"column":28},"end":{"line":3,"column":29}},"loc":{"start":{"line":3,"column":76},"end":{"line":5,"column":1}}}},"branchMap":{},"s":{"0":0,"1":0,"2":0,"3":0},"f":{"0":0},"b":{}}
,"/home/tim/Cortex/packages/plugins/@cortex/plugin-core/client/components/CoreDashboard.tsx": {"path":"/home/tim/Cortex/packages/plugins/@cortex/plugin-core/client/components/CoreDashboard.tsx","statementMap":{"0":{"start":{"line":1,"column":0},"end":{"line":1,"column":51}},"1":{"start":{"line":2,"column":0},"end":{"line":2,"column":53}},"2":{"start":{"line":3,"column":0},"end":{"line":3,"column":56}},"3":{"start":{"line":4,"column":0},"end":{"line":4,"column":50}},"4":{"start":{"line":5,"column":0},"end":{"line":5,"column":66}},"5":{"start":{"line":6,"column":0},"end":{"line":6,"column":66}},"6":{"start":{"line":7,"column":0},"end":{"line":7,"column":63}},"7":{"start":{"line":8,"column":0},"end":{"line":8,"column":36}},"8":{"start":{"line":10,"column":39},"end":{"line":344,"column":1}},"9":{"start":{"line":11,"column":26},"end":{"line":11,"column":45}},"10":{"start":{"line":12,"column":36},"end":{"line":12,"column":55}},"11":{"start":{"line":13,"column":34},"end":{"line":13,"column":53}},"12":{"start":{"line":14,"column":32},"end":{"line":14,"column":47}},"13":{"start":{"line":15,"column":34},"end":{"line":15,"column":49}},"14":{"start":{"line":16,"column":46},"end":{"line":16,"column":61}},"15":{"start":{"line":18,"column":2},"end":{"line":43,"column":9}},"16":{"start":{"line":20,"column":32},"end":{"line":20,"column":83}},"17":{"start":{"line":21,"column":4},"end":{"line":24,"column":5}},"18":{"start":{"line":23,"column":6},"end":{"line":23,"column":54}},"19":{"start":{"line":23,"column":23},"end":{"line":23,"column":46}},"20":{"start":{"line":27,"column":26},"end":{"line":27,"column":66}},"21":{"start":{"line":28,"column":4},"end":{"line":30,"column":5}},"22":{"start":{"line":29,"column":6},"end":{"line":29,"column":45}},"23":{"start":{"line":32,"column":4},"end":{"line":32,"column":16}},"24":{"start":{"line":33,"column":4},"end":{"line":33,"column":21}},"25":{"start":{"line":34,"column":4},"end":{"line":34,"column":20}},"26":{"start":{"line":37,"column":21},"end":{"line":40,"column":13}},"27":{"start":{"line":38,"column":6},"end":{"line":38,"column":18}},"28":{"start":{"line":39,"column":6},"end":{"line":39,"column":22}},"29":{"start":{"line":42,"column":4},"end":{"line":42,"column":41}},"30":{"start":{"line":42,"column":17},"end":{"line":42,"column":40}},"31":{"start":{"line":45,"column":20},"end":{"line":55,"column":3}},"32":{"start":{"line":46,"column":4},"end":{"line":54,"column":5}},"33":{"start":{"line":47,"column":23},"end":{"line":47,"column":59}},"34":{"start":{"line":48,"column":6},"end":{"line":51,"column":7}},"35":{"start":{"line":49,"column":21},"end":{"line":49,"column":42}},"36":{"start":{"line":50,"column":8},"end":{"line":50,"column":33}},"37":{"start":{"line":53,"column":6},"end":{"line":53,"column":52}},"38":{"start":{"line":57,"column":25},"end":{"line":67,"column":3}},"39":{"start":{"line":58,"column":4},"end":{"line":66,"column":5}},"40":{"start":{"line":59,"column":23},"end":{"line":59,"column":64}},"41":{"start":{"line":60,"column":6},"end":{"line":63,"column":7}},"42":{"start":{"line":61,"column":21},"end":{"line":61,"column":42}},"43":{"start":{"line":62,"column":8},"end":{"line":62,"column":43}},"44":{"start":{"line":65,"column":6},"end":{"line":65,"column":57}},"45":{"start":{"line":69,"column":24},"end":{"line":82,"column":3}},"46":{"start":{"line":70,"column":4},"end":{"line":81,"column":5}},"47":{"start":{"line":71,"column":23},"end":{"line":71,"column":70}},"48":{"start":{"line":72,"column":6},"end":{"line":75,"column":7}},"49":{"start":{"line":73,"column":21},"end":{"line":73,"column":42}},"50":{"start":{"line":74,"column":8},"end":{"line":74,"column":41}},"51":{"start":{"line":77,"column":6},"end":{"line":77,"column":57}},"52":{"start":{"line":79,"column":23},"end":{"line":79,"column":45}},"53":{"start":{"line":80,"column":6},"end":{"line":80,"column":28}},"54":{"start":{"line":84,"column":31},"end":{"line":96,"column":3}},"55":{"start":{"line":85,"column":17},"end":{"line":85,"column":19}},"56":{"start":{"line":86,"column":4},"end":{"line":94,"column":5}},"57":{"start":{"line":86,"column":17},"end":{"line":86,"column":18}},"58":{"start":{"line":87,"column":19},"end":{"line":87,"column":29}},"59":{"start":{"line":88,"column":6},"end":{"line":88,"column":39}},"60":{"start":{"line":89,"column":6},"end":{"line":93,"column":9}},"61":{"start":{"line":95,"column":4},"end":{"line":95,"column":16}},"62":{"start":{"line":98,"column":26},"end":{"line":125,"column":3}},"63":{"start":{"line":99,"column":4},"end":{"line":99,"column":21}},"64":{"start":{"line":100,"column":4},"end":{"line":124,"column":5}},"65":{"start":{"line":101,"column":23},"end":{"line":107,"column":8}},"66":{"start":{"line":109,"column":6},"end":{"line":118,"column":7}},"67":{"start":{"line":110,"column":23},"end":{"line":110,"column":44}},"68":{"start":{"line":111,"column":8},"end":{"line":111,"column":45}},"69":{"start":{"line":111,"column":26},"end":{"line":111,"column":43}},"70":{"start":{"line":112,"column":8},"end":{"line":112,"column":53}},"71":{"start":{"line":113,"column":8},"end":{"line":113,"column":65}},"72":{"start":{"line":115,"column":22},"end":{"line":115,"column":43}},"73":{"start":{"line":116,"column":8},"end":{"line":116,"column":55}},"74":{"start":{"line":117,"column":8},"end":{"line":117,"column":55}},"75":{"start":{"line":120,"column":6},"end":{"line":120,"column":60}},"76":{"start":{"line":121,"column":6},"end":{"line":121,"column":52}},"77":{"start":{"line":123,"column":6},"end":{"line":123,"column":24}},"78":{"start":{"line":127,"column":26},"end":{"line":147,"column":3}},"79":{"start":{"line":128,"column":4},"end":{"line":146,"column":5}},"80":{"start":{"line":129,"column":23},"end":{"line":131,"column":8}},"81":{"start":{"line":133,"column":6},"end":{"line":142,"column":7}},"82":{"start":{"line":134,"column":8},"end":{"line":136,"column":10}},"83":{"start":{"line":135,"column":10},"end":{"line":135,"column":87}},"84":{"start":{"line":135,"column":29},"end":{"line":135,"column":85}},"85":{"start":{"line":137,"column":8},"end":{"line":137,"column":52}},"86":{"start":{"line":138,"column":8},"end":{"line":138,"column":58}},"87":{"start":{"line":140,"column":8},"end":{"line":140,"column":47}},"88":{"start":{"line":141,"column":8},"end":{"line":141,"column":49}},"89":{"start":{"line":144,"column":6},"end":{"line":144,"column":62}},"90":{"start":{"line":145,"column":6},"end":{"line":145,"column":54}},"91":{"start":{"line":149,"column":29},"end":{"line":150,"column":76}},"92":{"start":{"line":150,"column":4},"end":{"line":150,"column":76}},"93":{"start":{"line":150,"column":25},"end":{"line":150,"column":68}},"94":{"start":{"line":151,"column":32},"end":{"line":151,"column":93}},"95":{"start":{"line":151,"column":38},"end":{"line":151,"column":93}},"96":{"start":{"line":151,"column":59},"end":{"line":151,"column":85}},"97":{"start":{"line":152,"column":23},"end":{"line":153,"column":82}},"98":{"start":{"line":153,"column":4},"end":{"line":153,"column":82}},"99":{"start":{"line":153,"column":30},"end":{"line":153,"column":78}},"100":{"start":{"line":155,"column":2},"end":{"line":343,"column":4}},"101":{"start":{"line":157,"column":62},"end":{"line":157,"column":86}},"102":{"start":{"line":174,"column":33},"end":{"line":174,"column":56}},"103":{"start":{"line":305,"column":49},"end":{"line":305,"column":60}},"104":{"start":{"line":329,"column":51},"end":{"line":329,"column":62}},"105":{"start":{"line":10,"column":13},"end":{"line":10,"column":39}}},"fnMap":{"0":{"name":"(anonymous_10)","decl":{"start":{"line":10,"column":39},"end":{"line":10,"column":42}},"loc":{"start":{"line":10,"column":44},"end":{"line":344,"column":1}}},"1":{"name":"(anonymous_11)","decl":{"start":{"line":18,"column":12},"end":{"line":18,"column":15}},"loc":{"start":{"line":18,"column":17},"end":{"line":43,"column":3}}},"2":{"name":"(anonymous_12)","decl":{"start":{"line":23,"column":17},"end":{"line":23,"column":20}},"loc":{"start":{"line":23,"column":23},"end":{"line":23,"column":46}}},"3":{"name":"(anonymous_13)","decl":{"start":{"line":37,"column":33},"end":{"line":37,"column":36}},"loc":{"start":{"line":37,"column":38},"end":{"line":40,"column":5}}},"4":{"name":"(anonymous_14)","decl":{"start":{"line":42,"column":11},"end":{"line":42,"column":14}},"loc":{"start":{"line":42,"column":17},"end":{"line":42,"column":40}}},"5":{"name":"(anonymous_15)","decl":{"start":{"line":45,"column":20},"end":{"line":45,"column":25}},"loc":{"start":{"line":45,"column":31},"end":{"line":55,"column":3}}},"6":{"name":"(anonymous_16)","decl":{"start":{"line":57,"column":25},"end":{"line":57,"column":30}},"loc":{"start":{"line":57,"column":36},"end":{"line":67,"column":3}}},"7":{"name":"(anonymous_17)","decl":{"start":{"line":69,"column":24},"end":{"line":69,"column":29}},"loc":{"start":{"line":69,"column":35},"end":{"line":82,"column":3}}},"8":{"name":"(anonymous_18)","decl":{"start":{"line":84,"column":31},"end":{"line":84,"column":34}},"loc":{"start":{"line":84,"column":36},"end":{"line":96,"column":3}}},"9":{"name":"(anonymous_19)","decl":{"start":{"line":98,"column":26},"end":{"line":98,"column":31}},"loc":{"start":{"line":98,"column":51},"end":{"line":125,"column":3}}},"10":{"name":"(anonymous_20)","decl":{"start":{"line":111,"column":16},"end":{"line":111,"column":17}},"loc":{"start":{"line":111,"column":26},"end":{"line":111,"column":43}}},"11":{"name":"(anonymous_21)","decl":{"start":{"line":127,"column":26},"end":{"line":127,"column":31}},"loc":{"start":{"line":127,"column":50},"end":{"line":147,"column":3}}},"12":{"name":"(anonymous_22)","decl":{"start":{"line":134,"column":16},"end":{"line":134,"column":17}},"loc":{"start":{"line":135,"column":10},"end":{"line":135,"column":87}}},"13":{"name":"(anonymous_23)","decl":{"start":{"line":135,"column":19},"end":{"line":135,"column":20}},"loc":{"start":{"line":135,"column":29},"end":{"line":135,"column":85}}},"14":{"name":"(anonymous_24)","decl":{"start":{"line":149,"column":29},"end":{"line":149,"column":32}},"loc":{"start":{"line":150,"column":4},"end":{"line":150,"column":76}}},"15":{"name":"(anonymous_25)","decl":{"start":{"line":150,"column":16},"end":{"line":150,"column":17}},"loc":{"start":{"line":150,"column":25},"end":{"line":150,"column":68}}},"16":{"name":"(anonymous_26)","decl":{"start":{"line":151,"column":32},"end":{"line":151,"column":35}},"loc":{"start":{"line":151,"column":38},"end":{"line":151,"column":93}}},"17":{"name":"(anonymous_27)","decl":{"start":{"line":151,"column":50},"end":{"line":151,"column":51}},"loc":{"start":{"line":151,"column":59},"end":{"line":151,"column":85}}},"18":{"name":"(anonymous_28)","decl":{"start":{"line":152,"column":23},"end":{"line":152,"column":26}},"loc":{"start":{"line":153,"column":4},"end":{"line":153,"column":82}}},"19":{"name":"(anonymous_29)","decl":{"start":{"line":153,"column":16},"end":{"line":153,"column":17}},"loc":{"start":{"line":153,"column":30},"end":{"line":153,"column":78}}},"20":{"name":"(anonymous_30)","decl":{"start":{"line":157,"column":56},"end":{"line":157,"column":59}},"loc":{"start":{"line":157,"column":62},"end":{"line":157,"column":86}}},"21":{"name":"(anonymous_31)","decl":{"start":{"line":174,"column":27},"end":{"line":174,"column":30}},"loc":{"start":{"line":174,"column":33},"end":{"line":174,"column":56}}},"22":{"name":"(anonymous_32)","decl":{"start":{"line":305,"column":42},"end":{"line":305,"column":43}},"loc":{"start":{"line":305,"column":49},"end":{"line":305,"column":60}}},"23":{"name":"(anonymous_33)","decl":{"start":{"line":329,"column":44},"end":{"line":329,"column":45}},"loc":{"start":{"line":329,"column":51},"end":{"line":329,"column":62}}}},"branchMap":{"0":{"loc":{"start":{"line":21,"column":4},"end":{"line":24,"column":5}},"type":"if","locations":[{"start":{"line":21,"column":4},"end":{"line":24,"column":5}}]},"1":{"loc":{"start":{"line":28,"column":4},"end":{"line":30,"column":5}},"type":"if","locations":[{"start":{"line":28,"column":4},"end":{"line":30,"column":5}}]},"2":{"loc":{"start":{"line":48,"column":6},"end":{"line":51,"column":7}},"type":"if","locations":[{"start":{"line":48,"column":6},"end":{"line":51,"column":7}}]},"3":{"loc":{"start":{"line":50,"column":16},"end":{"line":50,"column":31}},"type":"binary-expr","locations":[{"start":{"line":50,"column":16},"end":{"line":50,"column":25}},{"start":{"line":50,"column":29},"end":{"line":50,"column":31}}]},"4":{"loc":{"start":{"line":60,"column":6},"end":{"line":63,"column":7}},"type":"if","locations":[{"start":{"line":60,"column":6},"end":{"line":63,"column":7}}]},"5":{"loc":{"start":{"line":62,"column":21},"end":{"line":62,"column":41}},"type":"binary-expr","locations":[{"start":{"line":62,"column":21},"end":{"line":62,"column":35}},{"start":{"line":62,"column":39},"end":{"line":62,"column":41}}]},"6":{"loc":{"start":{"line":72,"column":6},"end":{"line":75,"column":7}},"type":"if","locations":[{"start":{"line":72,"column":6},"end":{"line":75,"column":7}}]},"7":{"loc":{"start":{"line":74,"column":20},"end":{"line":74,"column":39}},"type":"binary-expr","locations":[{"start":{"line":74,"column":20},"end":{"line":74,"column":33}},{"start":{"line":74,"column":37},"end":{"line":74,"column":39}}]},"8":{"loc":{"start":{"line":109,"column":6},"end":{"line":118,"column":7}},"type":"if","locations":[{"start":{"line":109,"column":6},"end":{"line":118,"column":7}},{"start":{"line":114,"column":13},"end":{"line":118,"column":7}}]},"9":{"loc":{"start":{"line":133,"column":6},"end":{"line":142,"column":7}},"type":"if","locations":[{"start":{"line":133,"column":6},"end":{"line":142,"column":7}},{"start":{"line":139,"column":13},"end":{"line":142,"column":7}}]},"10":{"loc":{"start":{"line":135,"column":29},"end":{"line":135,"column":85}},"type":"cond-expr","locations":[{"start":{"line":135,"column":48},"end":{"line":135,"column":79}},{"start":{"line":135,"column":82},"end":{"line":135,"column":85}}]},"11":{"loc":{"start":{"line":153,"column":37},"end":{"line":153,"column":77}},"type":"binary-expr","locations":[{"start":{"line":153,"column":37},"end":{"line":153,"column":51}},{"start":{"line":153,"column":55},"end":{"line":153,"column":72}},{"start":{"line":153,"column":76},"end":{"line":153,"column":77}}]},"12":{"loc":{"start":{"line":162,"column":11},"end":{"line":180,"column":null}},"type":"binary-expr","locations":[{"start":{"line":162,"column":11},"end":{"line":162,"column":28}},{"start":{"line":163,"column":12},"end":{"line":179,"column":null}}]}},"s":{"0":0,"1":0,"2":0,"3":0,"4":0,"5":0,"6":0,"7":0,"8":0,"9":0,"10":0,"11":0,"12":0,"13":0,"14":0,"15":0,"16":0,"17":0,"18":0,"19":0,"20":0,"21":0,"22":0,"23":0,"24":0,"25":0,"26":0,"27":0,"28":0,"29":0,"30":0,"31":0,"32":0,"33":0,"34":0,"35":0,"36":0,"37":0,"38":0,"39":0,"40":0,"41":0,"42":0,"43":0,"44":0,"45":0,"46":0,"47":0,"48":0,"49":0,"50":0,"51":0,"52":0,"53":0,"54":0,"55":0,"56":0,"57":0,"58":0,"59":0,"60":0,"61":0,"62":0,"63":0,"64":0,"65":0,"66":0,"67":0,"68":0,"69":0,"70":0,"71":0,"72":0,"73":0,"74":0,"75":0,"76":0,"77":0,"78":0,"79":0,"80":0,"81":0,"82":0,"83":0,"84":0,"85":0,"86":0,"87":0,"88":0,"89":0,"90":0,"91":0,"92":0,"93":0,"94":0,"95":0,"96":0,"97":0,"98":0,"99":0,"100":0,"101":0,"102":0,"103":0,"104":0,"105":0},"f":{"0":0,"1":0,"2":0,"3":0,"4":0,"5":0,"6":0,"7":0,"8":0,"9":0,"10":0,"11":0,"12":0,"13":0,"14":0,"15":0,"16":0,"17":0,"18":0,"19":0,"20":0,"21":0,"22":0,"23":0},"b":{"0":[0],"1":[0],"2":[0],"3":[0,0],"4":[0],"5":[0,0],"6":[0],"7":[0,0],"8":[0,0],"9":[0,0],"10":[0,0],"11":[0,0,0],"12":[0,0]}}
,"/home/tim/Cortex/packages/plugins/@cortex/plugin-core/client/components/JobStatusTable.tsx": {"path":"/home/tim/Cortex/packages/plugins/@cortex/plugin-core/client/components/JobStatusTable.tsx","statementMap":{"0":{"start":{"line":1,"column":0},"end":{"line":1,"column":26}},"1":{"start":{"line":9,"column":61},"end":{"line":129,"column":1}},"2":{"start":{"line":10,"column":25},"end":{"line":25,"column":3}},"3":{"start":{"line":11,"column":4},"end":{"line":24,"column":5}},"4":{"start":{"line":13,"column":8},"end":{"line":13,"column":25}},"5":{"start":{"line":15,"column":8},"end":{"line":15,"column":25}},"6":{"start":{"line":17,"column":8},"end":{"line":17,"column":25}},"7":{"start":{"line":19,"column":8},"end":{"line":19,"column":25}},"8":{"start":{"line":21,"column":8},"end":{"line":21,"column":25}},"9":{"start":{"line":23,"column":8},"end":{"line":23,"column":25}},"10":{"start":{"line":27,"column":20},"end":{"line":29,"column":3}},"11":{"start":{"line":28,"column":4},"end":{"line":28,"column":51}},"12":{"start":{"line":31,"column":2},"end":{"line":37,"column":3}},"13":{"start":{"line":32,"column":4},"end":{"line":36,"column":6}},"14":{"start":{"line":39,"column":2},"end":{"line":128,"column":4}},"15":{"start":{"line":74,"column":14},"end":{"line":121,"column":null}},"16":{"start":{"line":107,"column":37},"end":{"line":107,"column":53}},"17":{"start":{"line":9,"column":13},"end":{"line":9,"column":61}}},"fnMap":{"0":{"name":"(anonymous_1)","decl":{"start":{"line":9,"column":61},"end":{"line":9,"column":62}},"loc":{"start":{"line":9,"column":95},"end":{"line":129,"column":1}}},"1":{"name":"(anonymous_2)","decl":{"start":{"line":10,"column":25},"end":{"line":10,"column":26}},"loc":{"start":{"line":10,"column":44},"end":{"line":25,"column":3}}},"2":{"name":"(anonymous_3)","decl":{"start":{"line":27,"column":20},"end":{"line":27,"column":21}},"loc":{"start":{"line":27,"column":39},"end":{"line":29,"column":3}}},"3":{"name":"(anonymous_4)","decl":{"start":{"line":73,"column":22},"end":{"line":73,"column":23}},"loc":{"start":{"line":74,"column":14},"end":{"line":121,"column":null}}},"4":{"name":"(anonymous_5)","decl":{"start":{"line":107,"column":31},"end":{"line":107,"column":34}},"loc":{"start":{"line":107,"column":37},"end":{"line":107,"column":53}}}},"branchMap":{"0":{"loc":{"start":{"line":11,"column":4},"end":{"line":24,"column":5}},"type":"switch","locations":[{"start":{"line":12,"column":6},"end":{"line":13,"column":25}},{"start":{"line":14,"column":6},"end":{"line":15,"column":25}},{"start":{"line":16,"column":6},"end":{"line":17,"column":25}},{"start":{"line":18,"column":6},"end":{"line":19,"column":25}},{"start":{"line":20,"column":6},"end":{"line":21,"column":25}},{"start":{"line":22,"column":6},"end":{"line":23,"column":25}}]},"1":{"loc":{"start":{"line":31,"column":2},"end":{"line":37,"column":3}},"type":"if","locations":[{"start":{"line":31,"column":2},"end":{"line":37,"column":3}}]},"2":{"loc":{"start":{"line":76,"column":54},"end":{"line":76,"column":86}},"type":"binary-expr","locations":[{"start":{"line":76,"column":54},"end":{"line":76,"column":77}},{"start":{"line":76,"column":81},"end":{"line":76,"column":86}}]},"3":{"loc":{"start":{"line":79,"column":19},"end":{"line":79,"column":59}},"type":"binary-expr","locations":[{"start":{"line":79,"column":19},"end":{"line":79,"column":46}},{"start":{"line":79,"column":50},"end":{"line":79,"column":59}}]},"4":{"loc":{"start":{"line":82,"column":54},"end":{"line":82,"column":87}},"type":"binary-expr","locations":[{"start":{"line":82,"column":54},"end":{"line":82,"column":78}},{"start":{"line":82,"column":82},"end":{"line":82,"column":87}}]},"5":{"loc":{"start":{"line":99,"column":21},"end":{"line":99,"column":61}},"type":"binary-expr","locations":[{"start":{"line":99,"column":21},"end":{"line":99,"column":35}},{"start":{"line":99,"column":39},"end":{"line":99,"column":56}},{"start":{"line":99,"column":60},"end":{"line":99,"column":61}}]},"6":{"loc":{"start":{"line":102,"column":19},"end":{"line":102,"column":83}},"type":"cond-expr","locations":[{"start":{"line":102,"column":35},"end":{"line":102,"column":75}},{"start":{"line":102,"column":78},"end":{"line":102,"column":83}}]},"7":{"loc":{"start":{"line":105,"column":19},"end":{"line":119,"column":null}},"type":"binary-expr","locations":[{"start":{"line":105,"column":19},"end":{"line":105,"column":40}},{"start":{"line":106,"column":20},"end":{"line":116,"column":null}}]}},"s":{"0":0,"1":0,"2":0,"3":0,"4":0,"5":0,"6":0,"7":0,"8":0,"9":0,"10":0,"11":0,"12":0,"13":0,"14":0,"15":0,"16":0,"17":0},"f":{"0":0,"1":0,"2":0,"3":0,"4":0},"b":{"0":[0,0,0,0,0,0],"1":[0],"2":[0,0],"3":[0,0],"4":[0,0],"5":[0,0,0],"6":[0,0],"7":[0,0]}}
,"/home/tim/Cortex/packages/plugins/@cortex/plugin-core/client/components/JobSubmissionForm.tsx": {"path":"/home/tim/Cortex/packages/plugins/@cortex/plugin-core/client/components/JobSubmissionForm.tsx","statementMap":{"0":{"start":{"line":1,"column":0},"end":{"line":1,"column":40}},"1":{"start":{"line":2,"column":0},"end":{"line":2,"column":45}},"2":{"start":{"line":3,"column":0},"end":{"line":3,"column":36}},"3":{"start":{"line":18,"column":67},"end":{"line":333,"column":1}},"4":{"start":{"line":23,"column":34},"end":{"line":31,"column":4}},"5":{"start":{"line":33,"column":30},"end":{"line":38,"column":4}},"6":{"start":{"line":40,"column":24},"end":{"line":68,"column":3}},"7":{"start":{"line":41,"column":4},"end":{"line":67,"column":5}},"8":{"start":{"line":43,"column":8},"end":{"line":43,"column":83}},"9":{"start":{"line":43,"column":49},"end":{"line":43,"column":83}},"10":{"start":{"line":44,"column":8},"end":{"line":44,"column":91}},"11":{"start":{"line":44,"column":34},"end":{"line":44,"column":91}},"12":{"start":{"line":45,"column":8},"end":{"line":45,"column":18}},"13":{"start":{"line":48,"column":23},"end":{"line":48,"column":36}},"14":{"start":{"line":49,"column":8},"end":{"line":49,"column":80}},"15":{"start":{"line":49,"column":36},"end":{"line":49,"column":80}},"16":{"start":{"line":50,"column":8},"end":{"line":50,"column":70}},"17":{"start":{"line":50,"column":27},"end":{"line":50,"column":70}},"18":{"start":{"line":51,"column":8},"end":{"line":51,"column":18}},"19":{"start":{"line":54,"column":8},"end":{"line":54,"column":77}},"20":{"start":{"line":54,"column":49},"end":{"line":54,"column":77}},"21":{"start":{"line":55,"column":30},"end":{"line":55,"column":44}},"22":{"start":{"line":56,"column":8},"end":{"line":56,"column":91}},"23":{"start":{"line":56,"column":40},"end":{"line":56,"column":91}},"24":{"start":{"line":57,"column":8},"end":{"line":57,"column":18}},"25":{"start":{"line":60,"column":28},"end":{"line":60,"column":41}},"26":{"start":{"line":61,"column":8},"end":{"line":61,"column":92}},"27":{"start":{"line":61,"column":46},"end":{"line":61,"column":92}},"28":{"start":{"line":62,"column":8},"end":{"line":62,"column":74}},"29":{"start":{"line":62,"column":33},"end":{"line":62,"column":74}},"30":{"start":{"line":63,"column":8},"end":{"line":63,"column":18}},"31":{"start":{"line":66,"column":8},"end":{"line":66,"column":18}},"32":{"start":{"line":70,"column":23},"end":{"line":80,"column":3}},"33":{"start":{"line":71,"column":22},"end":{"line":76,"column":6}},"34":{"start":{"line":78,"column":4},"end":{"line":78,"column":25}},"35":{"start":{"line":79,"column":4},"end":{"line":79,"column":67}},"36":{"start":{"line":79,"column":53},"end":{"line":79,"column":65}},"37":{"start":{"line":82,"column":23},"end":{"line":122,"column":3}},"38":{"start":{"line":83,"column":4},"end":{"line":83,"column":23}},"39":{"start":{"line":85,"column":4},"end":{"line":88,"column":5}},"40":{"start":{"line":86,"column":6},"end":{"line":86,"column":54}},"41":{"start":{"line":87,"column":6},"end":{"line":87,"column":13}},"42":{"start":{"line":90,"column":4},"end":{"line":93,"column":5}},"43":{"start":{"line":91,"column":6},"end":{"line":91,"column":74}},"44":{"start":{"line":92,"column":6},"end":{"line":92,"column":13}},"45":{"start":{"line":96,"column":40},"end":{"line":96,"column":42}},"46":{"start":{"line":97,"column":4},"end":{"line":109,"column":5}},"47":{"start":{"line":98,"column":6},"end":{"line":108,"column":7}},"48":{"start":{"line":99,"column":8},"end":{"line":104,"column":11}},"49":{"start":{"line":100,"column":31},"end":{"line":100,"column":46}},"50":{"start":{"line":101,"column":10},"end":{"line":103,"column":11}},"51":{"start":{"line":102,"column":12},"end":{"line":102,"column":43}},"52":{"start":{"line":106,"column":8},"end":{"line":106,"column":59}},"53":{"start":{"line":107,"column":8},"end":{"line":107,"column":15}},"54":{"start":{"line":111,"column":22},"end":{"line":119,"column":6}},"55":{"start":{"line":121,"column":4},"end":{"line":121,"column":30}},"56":{"start":{"line":124,"column":28},"end":{"line":137,"column":3}},"57":{"start":{"line":125,"column":4},"end":{"line":128,"column":8}},"58":{"start":{"line":125,"column":27},"end":{"line":128,"column":6}},"59":{"start":{"line":131,"column":4},"end":{"line":136,"column":5}},"60":{"start":{"line":132,"column":6},"end":{"line":135,"column":10}},"61":{"start":{"line":132,"column":27},"end":{"line":135,"column":8}},"62":{"start":{"line":139,"column":28},"end":{"line":145,"column":3}},"63":{"start":{"line":141,"column":6},"end":{"line":141,"column":130}},"64":{"start":{"line":142,"column":4},"end":{"line":144,"column":93}},"65":{"start":{"line":147,"column":25},"end":{"line":154,"column":3}},"66":{"start":{"line":148,"column":18},"end":{"line":148,"column":44}},"67":{"start":{"line":149,"column":20},"end":{"line":149,"column":53}},"68":{"start":{"line":150,"column":4},"end":{"line":152,"column":5}},"69":{"start":{"line":151,"column":6},"end":{"line":151,"column":37}},"70":{"start":{"line":153,"column":4},"end":{"line":153,"column":25}},"71":{"start":{"line":156,"column":2},"end":{"line":332,"column":4}},"72":{"start":{"line":168,"column":27},"end":{"line":168,"column":72}},"73":{"start":{"line":172,"column":12},"end":{"line":173,"column":null}},"74":{"start":{"line":187,"column":27},"end":{"line":187,"column":69}},"75":{"start":{"line":205,"column":29},"end":{"line":205,"column":79}},"76":{"start":{"line":224,"column":29},"end":{"line":224,"column":72}},"77":{"start":{"line":242,"column":27},"end":{"line":242,"column":71}},"78":{"start":{"line":259,"column":27},"end":{"line":259,"column":82}},"79":{"start":{"line":279,"column":27},"end":{"line":279,"column":67}},"80":{"start":{"line":18,"column":13},"end":{"line":18,"column":67}}},"fnMap":{"0":{"name":"(anonymous_10)","decl":{"start":{"line":18,"column":67},"end":{"line":18,"column":68}},"loc":{"start":{"line":22,"column":5},"end":{"line":333,"column":1}}},"1":{"name":"(anonymous_11)","decl":{"start":{"line":40,"column":24},"end":{"line":40,"column":25}},"loc":{"start":{"line":40,"column":62},"end":{"line":68,"column":3}}},"2":{"name":"(anonymous_12)","decl":{"start":{"line":70,"column":23},"end":{"line":70,"column":35}},"loc":{"start":{"line":70,"column":37},"end":{"line":80,"column":3}}},"3":{"name":"(anonymous_13)","decl":{"start":{"line":79,"column":42},"end":{"line":79,"column":43}},"loc":{"start":{"line":79,"column":53},"end":{"line":79,"column":65}}},"4":{"name":"(anonymous_14)","decl":{"start":{"line":82,"column":23},"end":{"line":82,"column":28}},"loc":{"start":{"line":82,"column":52},"end":{"line":122,"column":3}}},"5":{"name":"(anonymous_15)","decl":{"start":{"line":99,"column":41},"end":{"line":99,"column":42}},"loc":{"start":{"line":99,"column":50},"end":{"line":104,"column":9}}},"6":{"name":"(anonymous_16)","decl":{"start":{"line":124,"column":28},"end":{"line":124,"column":29}},"loc":{"start":{"line":124,"column":58},"end":{"line":137,"column":3}}},"7":{"name":"(anonymous_17)","decl":{"start":{"line":125,"column":16},"end":{"line":125,"column":17}},"loc":{"start":{"line":125,"column":27},"end":{"line":128,"column":6}}},"8":{"name":"(anonymous_18)","decl":{"start":{"line":132,"column":16},"end":{"line":132,"column":17}},"loc":{"start":{"line":132,"column":27},"end":{"line":135,"column":8}}},"9":{"name":"(anonymous_19)","decl":{"start":{"line":139,"column":28},"end":{"line":139,"column":29}},"loc":{"start":{"line":139,"column":60},"end":{"line":145,"column":3}}},"10":{"name":"(anonymous_20)","decl":{"start":{"line":147,"column":25},"end":{"line":147,"column":26}},"loc":{"start":{"line":147,"column":53},"end":{"line":154,"column":3}}},"11":{"name":"(anonymous_21)","decl":{"start":{"line":168,"column":20},"end":{"line":168,"column":21}},"loc":{"start":{"line":168,"column":27},"end":{"line":168,"column":72}}},"12":{"name":"(anonymous_22)","decl":{"start":{"line":171,"column":25},"end":{"line":171,"column":26}},"loc":{"start":{"line":172,"column":12},"end":{"line":173,"column":null}}},"13":{"name":"(anonymous_23)","decl":{"start":{"line":187,"column":20},"end":{"line":187,"column":21}},"loc":{"start":{"line":187,"column":27},"end":{"line":187,"column":69}}},"14":{"name":"(anonymous_24)","decl":{"start":{"line":205,"column":22},"end":{"line":205,"column":23}},"loc":{"start":{"line":205,"column":29},"end":{"line":205,"column":79}}},"15":{"name":"(anonymous_25)","decl":{"start":{"line":224,"column":22},"end":{"line":224,"column":23}},"loc":{"start":{"line":224,"column":29},"end":{"line":224,"column":72}}},"16":{"name":"(anonymous_26)","decl":{"start":{"line":242,"column":20},"end":{"line":242,"column":21}},"loc":{"start":{"line":242,"column":27},"end":{"line":242,"column":71}}},"17":{"name":"(anonymous_27)","decl":{"start":{"line":259,"column":20},"end":{"line":259,"column":21}},"loc":{"start":{"line":259,"column":27},"end":{"line":259,"column":82}}},"18":{"name":"(anonymous_28)","decl":{"start":{"line":279,"column":20},"end":{"line":279,"column":21}},"loc":{"start":{"line":279,"column":27},"end":{"line":279,"column":67}}}},"branchMap":{"0":{"loc":{"start":{"line":41,"column":4},"end":{"line":67,"column":5}},"type":"switch","locations":[{"start":{"line":42,"column":6},"end":{"line":45,"column":18}},{"start":{"line":47,"column":6},"end":{"line":51,"column":18}},{"start":{"line":53,"column":6},"end":{"line":57,"column":18}},{"start":{"line":59,"column":6},"end":{"line":63,"column":18}},{"start":{"line":65,"column":6},"end":{"line":66,"column":18}}]},"1":{"loc":{"start":{"line":43,"column":8},"end":{"line":43,"column":83}},"type":"if","locations":[{"start":{"line":43,"column":8},"end":{"line":43,"column":83}}]},"2":{"loc":{"start":{"line":43,"column":12},"end":{"line":43,"column":47}},"type":"binary-expr","locations":[{"start":{"line":43,"column":12},"end":{"line":43,"column":18}},{"start":{"line":43,"column":22},"end":{"line":43,"column":47}}]},"3":{"loc":{"start":{"line":44,"column":8},"end":{"line":44,"column":91}},"type":"if","locations":[{"start":{"line":44,"column":8},"end":{"line":44,"column":91}}]},"4":{"loc":{"start":{"line":49,"column":8},"end":{"line":49,"column":80}},"type":"if","locations":[{"start":{"line":49,"column":8},"end":{"line":49,"column":80}}]},"5":{"loc":{"start":{"line":49,"column":12},"end":{"line":49,"column":34}},"type":"binary-expr","locations":[{"start":{"line":49,"column":12},"end":{"line":49,"column":19}},{"start":{"line":49,"column":23},"end":{"line":49,"column":34}}]},"6":{"loc":{"start":{"line":50,"column":8},"end":{"line":50,"column":70}},"type":"if","locations":[{"start":{"line":50,"column":8},"end":{"line":50,"column":70}}]},"7":{"loc":{"start":{"line":54,"column":8},"end":{"line":54,"column":77}},"type":"if","locations":[{"start":{"line":54,"column":8},"end":{"line":54,"column":77}}]},"8":{"loc":{"start":{"line":54,"column":12},"end":{"line":54,"column":47}},"type":"binary-expr","locations":[{"start":{"line":54,"column":12},"end":{"line":54,"column":18}},{"start":{"line":54,"column":22},"end":{"line":54,"column":47}}]},"9":{"loc":{"start":{"line":56,"column":8},"end":{"line":56,"column":91}},"type":"if","locations":[{"start":{"line":56,"column":8},"end":{"line":56,"column":91}}]},"10":{"loc":{"start":{"line":61,"column":8},"end":{"line":61,"column":92}},"type":"if","locations":[{"start":{"line":61,"column":8},"end":{"line":61,"column":92}}]},"11":{"loc":{"start":{"line":61,"column":12},"end":{"line":61,"column":44}},"type":"binary-expr","locations":[{"start":{"line":61,"column":12},"end":{"line":61,"column":24}},{"start":{"line":61,"column":28},"end":{"line":61,"column":44}}]},"12":{"loc":{"start":{"line":62,"column":8},"end":{"line":62,"column":74}},"type":"if","locations":[{"start":{"line":62,"column":8},"end":{"line":62,"column":74}}]},"13":{"loc":{"start":{"line":85,"column":4},"end":{"line":88,"column":5}},"type":"if","locations":[{"start":{"line":85,"column":4},"end":{"line":88,"column":5}}]},"14":{"loc":{"start":{"line":90,"column":4},"end":{"line":93,"column":5}},"type":"if","locations":[{"start":{"line":90,"column":4},"end":{"line":93,"column":5}}]},"15":{"loc":{"start":{"line":97,"column":4},"end":{"line":109,"column":5}},"type":"if","locations":[{"start":{"line":97,"column":4},"end":{"line":109,"column":5}}]},"16":{"loc":{"start":{"line":101,"column":10},"end":{"line":103,"column":11}},"type":"if","locations":[{"start":{"line":101,"column":10},"end":{"line":103,"column":11}}]},"17":{"loc":{"start":{"line":101,"column":14},"end":{"line":101,"column":26}},"type":"binary-expr","locations":[{"start":{"line":101,"column":14},"end":{"line":101,"column":17}},{"start":{"line":101,"column":21},"end":{"line":101,"column":26}}]},"18":{"loc":{"start":{"line":131,"column":4},"end":{"line":136,"column":5}},"type":"if","locations":[{"start":{"line":131,"column":4},"end":{"line":136,"column":5}}]},"19":{"loc":{"start":{"line":142,"column":11},"end":{"line":144,"column":92}},"type":"cond-expr","locations":[{"start":{"line":143,"column":8},"end":{"line":143,"column":57}},{"start":{"line":144,"column":8},"end":{"line":144,"column":92}}]},"20":{"loc":{"start":{"line":150,"column":4},"end":{"line":152,"column":5}},"type":"if","locations":[{"start":{"line":150,"column":4},"end":{"line":152,"column":5}}]},"21":{"loc":{"start":{"line":173,"column":31},"end":{"line":173,"column":61}},"type":"cond-expr","locations":[{"start":{"line":173,"column":52},"end":{"line":173,"column":55}},{"start":{"line":173,"column":58},"end":{"line":173,"column":61}}]},"22":{"loc":{"start":{"line":191,"column":9},"end":{"line":192,"column":null}},"type":"binary-expr","locations":[{"start":{"line":191,"column":9},"end":{"line":191,"column":21}},{"start":{"line":192,"column":10},"end":{"line":192,"column":87}}]},"23":{"loc":{"start":{"line":211,"column":11},"end":{"line":212,"column":null}},"type":"binary-expr","locations":[{"start":{"line":211,"column":11},"end":{"line":211,"column":21}},{"start":{"line":212,"column":12},"end":{"line":212,"column":87}}]},"24":{"loc":{"start":{"line":228,"column":11},"end":{"line":229,"column":null}},"type":"binary-expr","locations":[{"start":{"line":228,"column":11},"end":{"line":228,"column":24}},{"start":{"line":229,"column":12},"end":{"line":229,"column":90}}]},"25":{"loc":{"start":{"line":267,"column":9},"end":{"line":268,"column":null}},"type":"binary-expr","locations":[{"start":{"line":267,"column":9},"end":{"line":267,"column":24}},{"start":{"line":268,"column":10},"end":{"line":268,"column":90}}]},"26":{"loc":{"start":{"line":288,"column":18},"end":{"line":288,"column":51}},"type":"binary-expr","locations":[{"start":{"line":288,"column":18},"end":{"line":288,"column":25}},{"start":{"line":288,"column":29},"end":{"line":288,"column":51}}]},"27":{"loc":{"start":{"line":290,"column":10},"end":{"line":292,"column":null}},"type":"cond-expr","locations":[{"start":{"line":291,"column":14},"end":{"line":291,"column":46}},{"start":{"line":292,"column":14},"end":{"line":292,"column":null}}]},"28":{"loc":{"start":{"line":290,"column":10},"end":{"line":290,"column":43}},"type":"binary-expr","locations":[{"start":{"line":290,"column":10},"end":{"line":290,"column":17}},{"start":{"line":290,"column":21},"end":{"line":290,"column":43}}]},"29":{"loc":{"start":{"line":295,"column":9},"end":{"line":320,"column":null}},"type":"cond-expr","locations":[{"start":{"line":296,"column":10},"end":{"line":318,"column":null}},{"start":{"line":320,"column":10},"end":{"line":320,"column":22}}]},"30":{"loc":{"start":{"line":324,"column":7},"end":{"line":329,"column":null}},"type":"binary-expr","locations":[{"start":{"line":324,"column":7},"end":{"line":324,"column":29}},{"start":{"line":325,"column":8},"end":{"line":328,"column":null}}]}},"s":{"0":0,"1":0,"2":0,"3":0,"4":0,"5":0,"6":0,"7":0,"8":0,"9":0,"10":0,"11":0,"12":0,"13":0,"14":0,"15":0,"16":0,"17":0,"18":0,"19":0,"20":0,"21":0,"22":0,"23":0,"24":0,"25":0,"26":0,"27":0,"28":0,"29":0,"30":0,"31":0,"32":0,"33":0,"34":0,"35":0,"36":0,"37":0,"38":0,"39":0,"40":0,"41":0,"42":0,"43":0,"44":0,"45":0,"46":0,"47":0,"48":0,"49":0,"50":0,"51":0,"52":0,"53":0,"54":0,"55":0,"56":0,"57":0,"58":0,"59":0,"60":0,"61":0,"62":0,"63":0,"64":0,"65":0,"66":0,"67":0,"68":0,"69":0,"70":0,"71":0,"72":0,"73":0,"74":0,"75":0,"76":0,"77":0,"78":0,"79":0,"80":0},"f":{"0":0,"1":0,"2":0,"3":0,"4":0,"5":0,"6":0,"7":0,"8":0,"9":0,"10":0,"11":0,"12":0,"13":0,"14":0,"15":0,"16":0,"17":0,"18":0},"b":{"0":[0,0,0,0,0],"1":[0],"2":[0,0],"3":[0],"4":[0],"5":[0,0],"6":[0],"7":[0],"8":[0,0],"9":[0],"10":[0],"11":[0,0],"12":[0],"13":[0],"14":[0],"15":[0],"16":[0],"17":[0,0],"18":[0],"19":[0,0],"20":[0],"21":[0,0],"22":[0,0],"23":[0,0],"24":[0,0],"25":[0,0],"26":[0,0],"27":[0,0],"28":[0,0],"29":[0,0],"30":[0,0]}}
,"/home/tim/Cortex/packages/plugins/@cortex/plugin-core/client/components/Dashboard/CostOverviewChart.tsx": {"path":"/home/tim/Cortex/packages/plugins/@cortex/plugin-core/client/components/Dashboard/CostOverviewChart.tsx","statementMap":{"0":{"start":{"line":1,"column":0},"end":{"line":1,"column":49}},"1":{"start":{"line":2,"column":0},"end":{"line":2,"column":null}},"2":{"start":{"line":12,"column":0},"end":{"line":12,"column":39}},"3":{"start":{"line":14,"column":0},"end":{"line":14,"column":96}},"4":{"start":{"line":27,"column":67},"end":{"line":146,"column":1}},"5":{"start":{"line":28,"column":19},"end":{"line":28,"column":48}},"6":{"start":{"line":30,"column":2},"end":{"line":35,"column":13}},"7":{"start":{"line":32,"column":4},"end":{"line":34,"column":5}},"8":{"start":{"line":33,"column":6},"end":{"line":33,"column":40}},"9":{"start":{"line":37,"column":20},"end":{"line":57,"column":4}},"10":{"start":{"line":38,"column":31},"end":{"line":38,"column":76}},"11":{"start":{"line":42,"column":33},"end":{"line":42,"column":47}},"12":{"start":{"line":50,"column":33},"end":{"line":50,"column":44}},"13":{"start":{"line":59,"column":18},"end":{"line":120,"column":4}},"14":{"start":{"line":89,"column":12},"end":{"line":89,"column":79}},"15":{"start":{"line":108,"column":12},"end":{"line":108,"column":50}},"16":{"start":{"line":122,"column":2},"end":{"line":145,"column":4}},"17":{"start":{"line":133,"column":43},"end":{"line":133,"column":63}},"18":{"start":{"line":139,"column":43},"end":{"line":139,"column":60}},"19":{"start":{"line":27,"column":13},"end":{"line":27,"column":67}}},"fnMap":{"0":{"name":"(anonymous_9)","decl":{"start":{"line":27,"column":67},"end":{"line":27,"column":68}},"loc":{"start":{"line":27,"column":98},"end":{"line":146,"column":1}}},"1":{"name":"(anonymous_10)","decl":{"start":{"line":30,"column":12},"end":{"line":30,"column":15}},"loc":{"start":{"line":30,"column":17},"end":{"line":35,"column":3}}},"2":{"name":"(anonymous_11)","decl":{"start":{"line":38,"column":21},"end":{"line":38,"column":22}},"loc":{"start":{"line":38,"column":31},"end":{"line":38,"column":76}}},"3":{"name":"(anonymous_12)","decl":{"start":{"line":42,"column":23},"end":{"line":42,"column":24}},"loc":{"start":{"line":42,"column":33},"end":{"line":42,"column":47}}},"4":{"name":"(anonymous_13)","decl":{"start":{"line":50,"column":23},"end":{"line":50,"column":24}},"loc":{"start":{"line":50,"column":33},"end":{"line":50,"column":44}}},"5":{"name":"(anonymous_14)","decl":{"start":{"line":88,"column":17},"end":{"line":88,"column":27}},"loc":{"start":{"line":88,"column":39},"end":{"line":90,"column":11}}},"6":{"name":"(anonymous_15)","decl":{"start":{"line":107,"column":20},"end":{"line":107,"column":30}},"loc":{"start":{"line":107,"column":40},"end":{"line":109,"column":11}}},"7":{"name":"(anonymous_16)","decl":{"start":{"line":133,"column":28},"end":{"line":133,"column":29}},"loc":{"start":{"line":133,"column":43},"end":{"line":133,"column":63}}},"8":{"name":"(anonymous_17)","decl":{"start":{"line":139,"column":28},"end":{"line":139,"column":29}},"loc":{"start":{"line":139,"column":43},"end":{"line":139,"column":60}}}},"branchMap":{"0":{"loc":{"start":{"line":27,"column":76},"end":{"line":27,"column":92}},"type":"default-arg","locations":[{"start":{"line":27,"column":87},"end":{"line":27,"column":92}}]},"1":{"loc":{"start":{"line":32,"column":4},"end":{"line":34,"column":5}},"type":"if","locations":[{"start":{"line":32,"column":4},"end":{"line":34,"column":5}}]},"2":{"loc":{"start":{"line":66,"column":17},"end":{"line":66,"column":49}},"type":"cond-expr","locations":[{"start":{"line":66,"column":28},"end":{"line":66,"column":37}},{"start":{"line":66,"column":40},"end":{"line":66,"column":49}}]},"3":{"loc":{"start":{"line":75,"column":15},"end":{"line":75,"column":47}},"type":"cond-expr","locations":[{"start":{"line":75,"column":26},"end":{"line":75,"column":35}},{"start":{"line":75,"column":38},"end":{"line":75,"column":47}}]},"4":{"loc":{"start":{"line":82,"column":25},"end":{"line":82,"column":57}},"type":"cond-expr","locations":[{"start":{"line":82,"column":36},"end":{"line":82,"column":45}},{"start":{"line":82,"column":48},"end":{"line":82,"column":57}}]},"5":{"loc":{"start":{"line":83,"column":20},"end":{"line":83,"column":52}},"type":"cond-expr","locations":[{"start":{"line":83,"column":31},"end":{"line":83,"column":40}},{"start":{"line":83,"column":43},"end":{"line":83,"column":52}}]},"6":{"loc":{"start":{"line":84,"column":19},"end":{"line":84,"column":51}},"type":"cond-expr","locations":[{"start":{"line":84,"column":30},"end":{"line":84,"column":39}},{"start":{"line":84,"column":42},"end":{"line":84,"column":51}}]},"7":{"loc":{"start":{"line":85,"column":21},"end":{"line":85,"column":53}},"type":"cond-expr","locations":[{"start":{"line":85,"column":32},"end":{"line":85,"column":41}},{"start":{"line":85,"column":44},"end":{"line":85,"column":53}}]},"8":{"loc":{"start":{"line":97,"column":17},"end":{"line":97,"column":49}},"type":"cond-expr","locations":[{"start":{"line":97,"column":28},"end":{"line":97,"column":37}},{"start":{"line":97,"column":40},"end":{"line":97,"column":49}}]},"9":{"loc":{"start":{"line":100,"column":17},"end":{"line":100,"column":49}},"type":"cond-expr","locations":[{"start":{"line":100,"column":28},"end":{"line":100,"column":37}},{"start":{"line":100,"column":40},"end":{"line":100,"column":49}}]},"10":{"loc":{"start":{"line":106,"column":17},"end":{"line":106,"column":49}},"type":"cond-expr","locations":[{"start":{"line":106,"column":28},"end":{"line":106,"column":37}},{"start":{"line":106,"column":40},"end":{"line":106,"column":49}}]},"11":{"loc":{"start":{"line":112,"column":17},"end":{"line":112,"column":49}},"type":"cond-expr","locations":[{"start":{"line":112,"column":28},"end":{"line":112,"column":37}},{"start":{"line":112,"column":40},"end":{"line":112,"column":49}}]},"12":{"loc":{"start":{"line":128,"column":7},"end":{"line":142,"column":null}},"type":"binary-expr","locations":[{"start":{"line":128,"column":7},"end":{"line":128,"column":22}},{"start":{"line":129,"column":8},"end":{"line":141,"column":null}}]}},"s":{"0":0,"1":0,"2":0,"3":0,"4":0,"5":0,"6":0,"7":0,"8":0,"9":0,"10":0,"11":0,"12":0,"13":0,"14":0,"15":0,"16":0,"17":0,"18":0,"19":0},"f":{"0":0,"1":0,"2":0,"3":0,"4":0,"5":0,"6":0,"7":0,"8":0},"b":{"0":[0],"1":[0],"2":[0,0],"3":[0,0],"4":[0,0],"5":[0,0],"6":[0,0],"7":[0,0],"8":[0,0],"9":[0,0],"10":[0,0],"11":[0,0],"12":[0,0]}}
,"/home/tim/Cortex/packages/plugins/@cortex/plugin-core/client/components/Dashboard/LiveNetworkStatus.tsx": {"path":"/home/tim/Cortex/packages/plugins/@cortex/plugin-core/client/components/Dashboard/LiveNetworkStatus.tsx","statementMap":{"0":{"start":{"line":1,"column":0},"end":{"line":1,"column":51}},"1":{"start":{"line":2,"column":0},"end":{"line":2,"column":46}},"2":{"start":{"line":19,"column":67},"end":{"line":211,"column":1}},"3":{"start":{"line":20,"column":34},"end":{"line":20,"column":63}},"4":{"start":{"line":21,"column":30},"end":{"line":21,"column":59}},"5":{"start":{"line":22,"column":36},"end":{"line":22,"column":51}},"6":{"start":{"line":24,"column":2},"end":{"line":56,"column":9}},"7":{"start":{"line":26,"column":22},"end":{"line":28,"column":6}},"8":{"start":{"line":30,"column":4},"end":{"line":33,"column":7}},"9":{"start":{"line":31,"column":6},"end":{"line":31,"column":47}},"10":{"start":{"line":32,"column":6},"end":{"line":32,"column":25}},"11":{"start":{"line":35,"column":4},"end":{"line":38,"column":7}},"12":{"start":{"line":36,"column":6},"end":{"line":36,"column":52}},"13":{"start":{"line":37,"column":6},"end":{"line":37,"column":26}},"14":{"start":{"line":40,"column":4},"end":{"line":42,"column":7}},"15":{"start":{"line":41,"column":6},"end":{"line":41,"column":24}},"16":{"start":{"line":44,"column":4},"end":{"line":44,"column":25}},"17":{"start":{"line":47,"column":4},"end":{"line":47,"column":25}},"18":{"start":{"line":50,"column":21},"end":{"line":50,"column":58}},"19":{"start":{"line":52,"column":4},"end":{"line":55,"column":6}},"20":{"start":{"line":53,"column":6},"end":{"line":53,"column":29}},"21":{"start":{"line":54,"column":6},"end":{"line":54,"column":30}},"22":{"start":{"line":58,"column":29},"end":{"line":68,"column":3}},"23":{"start":{"line":59,"column":4},"end":{"line":67,"column":5}},"24":{"start":{"line":60,"column":23},"end":{"line":60,"column":64}},"25":{"start":{"line":61,"column":6},"end":{"line":64,"column":7}},"26":{"start":{"line":62,"column":21},"end":{"line":62,"column":42}},"27":{"start":{"line":63,"column":8},"end":{"line":63,"column":42}},"28":{"start":{"line":66,"column":6},"end":{"line":66,"column":62}},"29":{"start":{"line":70,"column":25},"end":{"line":81,"column":3}},"30":{"start":{"line":71,"column":4},"end":{"line":80,"column":5}},"31":{"start":{"line":73,"column":8},"end":{"line":73,"column":52}},"32":{"start":{"line":75,"column":8},"end":{"line":75,"column":54}},"33":{"start":{"line":77,"column":8},"end":{"line":77,"column":48}},"34":{"start":{"line":79,"column":8},"end":{"line":79,"column":50}},"35":{"start":{"line":83,"column":24},"end":{"line":126,"column":3}},"36":{"start":{"line":84,"column":4},"end":{"line":125,"column":5}},"37":{"start":{"line":86,"column":8},"end":{"line":94,"column":10}},"38":{"start":{"line":96,"column":8},"end":{"line":104,"column":10}},"39":{"start":{"line":106,"column":8},"end":{"line":114,"column":10}},"40":{"start":{"line":116,"column":8},"end":{"line":124,"column":10}},"41":{"start":{"line":128,"column":2},"end":{"line":210,"column":4}},"42":{"start":{"line":160,"column":12},"end":{"line":199,"column":null}},"43":{"start":{"line":19,"column":13},"end":{"line":19,"column":67}}},"fnMap":{"0":{"name":"(anonymous_9)","decl":{"start":{"line":19,"column":67},"end":{"line":19,"column":68}},"loc":{"start":{"line":19,"column":92},"end":{"line":211,"column":1}}},"1":{"name":"(anonymous_10)","decl":{"start":{"line":24,"column":12},"end":{"line":24,"column":15}},"loc":{"start":{"line":24,"column":17},"end":{"line":56,"column":3}}},"2":{"name":"(anonymous_11)","decl":{"start":{"line":30,"column":28},"end":{"line":30,"column":31}},"loc":{"start":{"line":30,"column":33},"end":{"line":33,"column":5}}},"3":{"name":"(anonymous_12)","decl":{"start":{"line":35,"column":31},"end":{"line":35,"column":34}},"loc":{"start":{"line":35,"column":36},"end":{"line":38,"column":5}}},"4":{"name":"(anonymous_13)","decl":{"start":{"line":40,"column":34},"end":{"line":40,"column":35}},"loc":{"start":{"line":40,"column":60},"end":{"line":42,"column":5}}},"5":{"name":"(anonymous_14)","decl":{"start":{"line":52,"column":11},"end":{"line":52,"column":14}},"loc":{"start":{"line":52,"column":16},"end":{"line":55,"column":5}}},"6":{"name":"(anonymous_15)","decl":{"start":{"line":58,"column":29},"end":{"line":58,"column":34}},"loc":{"start":{"line":58,"column":40},"end":{"line":68,"column":3}}},"7":{"name":"(anonymous_16)","decl":{"start":{"line":70,"column":25},"end":{"line":70,"column":26}},"loc":{"start":{"line":70,"column":44},"end":{"line":81,"column":3}}},"8":{"name":"(anonymous_17)","decl":{"start":{"line":83,"column":24},"end":{"line":83,"column":25}},"loc":{"start":{"line":83,"column":43},"end":{"line":126,"column":3}}},"9":{"name":"(anonymous_18)","decl":{"start":{"line":159,"column":24},"end":{"line":159,"column":25}},"loc":{"start":{"line":160,"column":12},"end":{"line":199,"column":null}}}},"branchMap":{"0":{"loc":{"start":{"line":19,"column":70},"end":{"line":19,"column":86}},"type":"default-arg","locations":[{"start":{"line":19,"column":81},"end":{"line":19,"column":86}}]},"1":{"loc":{"start":{"line":61,"column":6},"end":{"line":64,"column":7}},"type":"if","locations":[{"start":{"line":61,"column":6},"end":{"line":64,"column":7}}]},"2":{"loc":{"start":{"line":63,"column":20},"end":{"line":63,"column":40}},"type":"binary-expr","locations":[{"start":{"line":63,"column":20},"end":{"line":63,"column":34}},{"start":{"line":63,"column":38},"end":{"line":63,"column":40}}]},"3":{"loc":{"start":{"line":71,"column":4},"end":{"line":80,"column":5}},"type":"switch","locations":[{"start":{"line":72,"column":6},"end":{"line":73,"column":52}},{"start":{"line":74,"column":6},"end":{"line":75,"column":54}},{"start":{"line":76,"column":6},"end":{"line":77,"column":48}},{"start":{"line":78,"column":6},"end":{"line":79,"column":50}}]},"4":{"loc":{"start":{"line":84,"column":4},"end":{"line":125,"column":5}},"type":"switch","locations":[{"start":{"line":85,"column":6},"end":{"line":94,"column":10}},{"start":{"line":95,"column":6},"end":{"line":104,"column":10}},{"start":{"line":105,"column":6},"end":{"line":114,"column":10}},{"start":{"line":115,"column":6},"end":{"line":124,"column":10}}]},"5":{"loc":{"start":{"line":133,"column":50},"end":{"line":133,"column":91}},"type":"cond-expr","locations":[{"start":{"line":133,"column":62},"end":{"line":133,"column":76}},{"start":{"line":133,"column":79},"end":{"line":133,"column":91}}]},"6":{"loc":{"start":{"line":135,"column":13},"end":{"line":135,"column":43}},"type":"cond-expr","locations":[{"start":{"line":135,"column":25},"end":{"line":135,"column":31}},{"start":{"line":135,"column":34},"end":{"line":135,"column":43}}]},"7":{"loc":{"start":{"line":140,"column":7},"end":{"line":202,"column":null}},"type":"cond-expr","locations":[{"start":{"line":141,"column":8},"end":{"line":155,"column":null}},{"start":{"line":158,"column":8},"end":{"line":201,"column":null}}]},"8":{"loc":{"start":{"line":177,"column":19},"end":{"line":178,"column":null}},"type":"binary-expr","locations":[{"start":{"line":177,"column":19},"end":{"line":177,"column":34}},{"start":{"line":178,"column":20},"end":{"line":178,"column":null}}]},"9":{"loc":{"start":{"line":180,"column":19},"end":{"line":183,"column":null}},"type":"binary-expr","locations":[{"start":{"line":180,"column":19},"end":{"line":180,"column":39}},{"start":{"line":181,"column":20},"end":{"line":183,"column":null}}]},"10":{"loc":{"start":{"line":188,"column":15},"end":{"line":198,"column":null}},"type":"binary-expr","locations":[{"start":{"line":188,"column":15},"end":{"line":188,"column":37}},{"start":{"line":189,"column":16},"end":{"line":198,"column":null}}]},"11":{"loc":{"start":{"line":207,"column":9},"end":{"line":207,"column":95}},"type":"cond-expr","locations":[{"start":{"line":207,"column":31},"end":{"line":207,"column":85}},{"start":{"line":207,"column":88},"end":{"line":207,"column":95}}]}},"s":{"0":0,"1":0,"2":0,"3":0,"4":0,"5":0,"6":0,"7":0,"8":0,"9":0,"10":0,"11":0,"12":0,"13":0,"14":0,"15":0,"16":0,"17":0,"18":0,"19":0,"20":0,"21":0,"22":0,"23":0,"24":0,"25":0,"26":0,"27":0,"28":0,"29":0,"30":0,"31":0,"32":0,"33":0,"34":0,"35":0,"36":0,"37":0,"38":0,"39":0,"40":0,"41":0,"42":0,"43":0},"f":{"0":0,"1":0,"2":0,"3":0,"4":0,"5":0,"6":0,"7":0,"8":0,"9":0},"b":{"0":[0],"1":[0],"2":[0,0],"3":[0,0,0,0],"4":[0,0,0,0],"5":[0,0],"6":[0,0],"7":[0,0],"8":[0,0],"9":[0,0],"10":[0,0],"11":[0,0]}}
,"/home/tim/Cortex/packages/plugins/@cortex/plugin-core/client/components/Help/FieldHelp.tsx": {"path":"/home/tim/Cortex/packages/plugins/@cortex/plugin-core/client/components/Help/FieldHelp.tsx","statementMap":{"0":{"start":{"line":1,"column":0},"end":{"line":1,"column":26}},"1":{"start":{"line":2,"column":0},"end":{"line":2,"column":44}},"2":{"start":{"line":9,"column":51},"end":{"line":30,"column":1}},"3":{"start":{"line":10,"column":19},"end":{"line":10,"column":56}},"4":{"start":{"line":12,"column":2},"end":{"line":29,"column":4}},"5":{"start":{"line":9,"column":13},"end":{"line":9,"column":51}}},"fnMap":{"0":{"name":"(anonymous_1)","decl":{"start":{"line":9,"column":51},"end":{"line":9,"column":52}},"loc":{"start":{"line":9,"column":80},"end":{"line":30,"column":1}}}},"branchMap":{"0":{"loc":{"start":{"line":9,"column":63},"end":{"line":9,"column":74}},"type":"default-arg","locations":[{"start":{"line":9,"column":70},"end":{"line":9,"column":74}}]},"1":{"loc":{"start":{"line":10,"column":19},"end":{"line":10,"column":56}},"type":"cond-expr","locations":[{"start":{"line":10,"column":35},"end":{"line":10,"column":44}},{"start":{"line":10,"column":47},"end":{"line":10,"column":56}}]}},"s":{"0":0,"1":0,"2":0,"3":0,"4":0,"5":0},"f":{"0":0},"b":{"0":[0],"1":[0,0]}}
,"/home/tim/Cortex/packages/plugins/@cortex/plugin-core/client/components/Help/HelpTooltip.tsx": {"path":"/home/tim/Cortex/packages/plugins/@cortex/plugin-core/client/components/Help/HelpTooltip.tsx","statementMap":{"0":{"start":{"line":1,"column":0},"end":{"line":1,"column":40}},"1":{"start":{"line":9,"column":55},"end":{"line":64,"column":1}},"2":{"start":{"line":14,"column":36},"end":{"line":14,"column":51}},"3":{"start":{"line":16,"column":29},"end":{"line":29,"column":3}},"4":{"start":{"line":17,"column":4},"end":{"line":28,"column":5}},"5":{"start":{"line":19,"column":8},"end":{"line":19,"column":70}},"6":{"start":{"line":21,"column":8},"end":{"line":21,"column":67}},"7":{"start":{"line":23,"column":8},"end":{"line":23,"column":68}},"8":{"start":{"line":25,"column":8},"end":{"line":25,"column":67}},"9":{"start":{"line":27,"column":8},"end":{"line":27,"column":70}},"10":{"start":{"line":31,"column":26},"end":{"line":44,"column":3}},"11":{"start":{"line":32,"column":4},"end":{"line":43,"column":5}},"12":{"start":{"line":34,"column":8},"end":{"line":34,"column":143}},"13":{"start":{"line":36,"column":8},"end":{"line":36,"column":146}},"14":{"start":{"line":38,"column":8},"end":{"line":38,"column":143}},"15":{"start":{"line":40,"column":8},"end":{"line":40,"column":144}},"16":{"start":{"line":42,"column":8},"end":{"line":42,"column":143}},"17":{"start":{"line":46,"column":2},"end":{"line":63,"column":4}},"18":{"start":{"line":49,"column":26},"end":{"line":49,"column":44}},"19":{"start":{"line":50,"column":26},"end":{"line":50,"column":45}},"20":{"start":{"line":9,"column":13},"end":{"line":9,"column":55}}},"fnMap":{"0":{"name":"(anonymous_9)","decl":{"start":{"line":9,"column":55},"end":{"line":9,"column":56}},"loc":{"start":{"line":13,"column":5},"end":{"line":64,"column":1}}},"1":{"name":"(anonymous_10)","decl":{"start":{"line":16,"column":29},"end":{"line":16,"column":32}},"loc":{"start":{"line":16,"column":34},"end":{"line":29,"column":3}}},"2":{"name":"(anonymous_11)","decl":{"start":{"line":31,"column":26},"end":{"line":31,"column":29}},"loc":{"start":{"line":31,"column":31},"end":{"line":44,"column":3}}},"3":{"name":"(anonymous_12)","decl":{"start":{"line":49,"column":20},"end":{"line":49,"column":23}},"loc":{"start":{"line":49,"column":26},"end":{"line":49,"column":44}}},"4":{"name":"(anonymous_13)","decl":{"start":{"line":50,"column":20},"end":{"line":50,"column":23}},"loc":{"start":{"line":50,"column":26},"end":{"line":50,"column":45}}}},"branchMap":{"0":{"loc":{"start":{"line":11,"column":2},"end":{"line":11,"column":18}},"type":"default-arg","locations":[{"start":{"line":11,"column":13},"end":{"line":11,"column":18}}]},"1":{"loc":{"start":{"line":17,"column":4},"end":{"line":28,"column":5}},"type":"switch","locations":[{"start":{"line":18,"column":6},"end":{"line":19,"column":70}},{"start":{"line":20,"column":6},"end":{"line":21,"column":67}},{"start":{"line":22,"column":6},"end":{"line":23,"column":68}},{"start":{"line":24,"column":6},"end":{"line":25,"column":67}},{"start":{"line":26,"column":6},"end":{"line":27,"column":70}}]},"2":{"loc":{"start":{"line":32,"column":4},"end":{"line":43,"column":5}},"type":"switch","locations":[{"start":{"line":33,"column":6},"end":{"line":34,"column":143}},{"start":{"line":35,"column":6},"end":{"line":36,"column":146}},{"start":{"line":37,"column":6},"end":{"line":38,"column":143}},{"start":{"line":39,"column":6},"end":{"line":40,"column":144}},{"start":{"line":41,"column":6},"end":{"line":42,"column":143}}]},"3":{"loc":{"start":{"line":54,"column":7},"end":{"line":60,"column":null}},"type":"binary-expr","locations":[{"start":{"line":54,"column":7},"end":{"line":54,"column":16}},{"start":{"line":55,"column":8},"end":{"line":59,"column":null}}]}},"s":{"0":0,"1":0,"2":0,"3":0,"4":0,"5":0,"6":0,"7":0,"8":0,"9":0,"10":0,"11":0,"12":0,"13":0,"14":0,"15":0,"16":0,"17":0,"18":0,"19":0,"20":0},"f":{"0":0,"1":0,"2":0,"3":0,"4":0},"b":{"0":[0],"1":[0,0,0,0,0],"2":[0,0,0,0,0],"3":[0,0]}}
,"/home/tim/Cortex/packages/plugins/@cortex/plugin-core/client/components/Layout/Breadcrumbs.tsx": {"path":"/home/tim/Cortex/packages/plugins/@cortex/plugin-core/client/components/Layout/Breadcrumbs.tsx","statementMap":{"0":{"start":{"line":1,"column":0},"end":{"line":1,"column":26}},"1":{"start":{"line":7,"column":55},"end":{"line":55,"column":1}},"2":{"start":{"line":8,"column":23},"end":{"line":8,"column":61}},"3":{"start":{"line":10,"column":22},"end":{"line":16,"column":4}},"4":{"start":{"line":12,"column":45},"end":{"line":15,"column":6}},"5":{"start":{"line":18,"column":2},"end":{"line":54,"column":4}},"6":{"start":{"line":22,"column":10},"end":{"line":49,"column":null}},"7":{"start":{"line":7,"column":13},"end":{"line":7,"column":55}}},"fnMap":{"0":{"name":"(anonymous_1)","decl":{"start":{"line":7,"column":55},"end":{"line":7,"column":56}},"loc":{"start":{"line":7,"column":75},"end":{"line":55,"column":1}}},"1":{"name":"(anonymous_2)","decl":{"start":{"line":12,"column":24},"end":{"line":12,"column":25}},"loc":{"start":{"line":12,"column":45},"end":{"line":15,"column":6}}},"2":{"name":"(anonymous_3)","decl":{"start":{"line":21,"column":25},"end":{"line":21,"column":26}},"loc":{"start":{"line":22,"column":10},"end":{"line":49,"column":null}}}},"branchMap":{"0":{"loc":{"start":{"line":24,"column":15},"end":{"line":36,"column":null}},"type":"binary-expr","locations":[{"start":{"line":24,"column":15},"end":{"line":24,"column":24}},{"start":{"line":25,"column":16},"end":{"line":35,"column":null}}]},"1":{"loc":{"start":{"line":41,"column":18},"end":{"line":43,"column":null}},"type":"cond-expr","locations":[{"start":{"line":42,"column":22},"end":{"line":42,"column":56}},{"start":{"line":43,"column":22},"end":{"line":43,"column":null}}]},"2":{"loc":{"start":{"line":45,"column":30},"end":{"line":45,"column":83}},"type":"cond-expr","locations":[{"start":{"line":45,"column":65},"end":{"line":45,"column":71}},{"start":{"line":45,"column":74},"end":{"line":45,"column":83}}]}},"s":{"0":0,"1":0,"2":0,"3":0,"4":0,"5":0,"6":0,"7":0},"f":{"0":0,"1":0,"2":0},"b":{"0":[0,0],"1":[0,0],"2":[0,0]}}
,"/home/tim/Cortex/packages/plugins/@cortex/plugin-core/client/components/Layout/ErrorBoundary.tsx": {"path":"/home/tim/Cortex/packages/plugins/@cortex/plugin-core/client/components/Layout/ErrorBoundary.tsx","statementMap":{"0":{"start":{"line":1,"column":0},"end":{"line":1,"column":63}},"1":{"start":{"line":13,"column":24},"end":{"line":15,"column":4}},"2":{"start":{"line":18,"column":4},"end":{"line":18,"column":37}},"3":{"start":{"line":22,"column":4},"end":{"line":22,"column":55}},"4":{"start":{"line":26,"column":4},"end":{"line":62,"column":5}},"5":{"start":{"line":27,"column":6},"end":{"line":61,"column":8}},"6":{"start":{"line":53,"column":31},"end":{"line":53,"column":55}},"7":{"start":{"line":64,"column":4},"end":{"line":64,"column":31}},"8":{"start":{"line":12,"column":0},"end":{"line":12,"column":13}}},"fnMap":{"0":{"name":"(anonymous_9)","decl":{"start":{"line":17,"column":9},"end":{"line":17,"column":15}},"loc":{"start":{"line":17,"column":53},"end":{"line":19,"column":3}}},"1":{"name":"(anonymous_10)","decl":{"start":{"line":21,"column":9},"end":{"line":21,"column":26}},"loc":{"start":{"line":21,"column":61},"end":{"line":23,"column":3}}},"2":{"name":"(anonymous_11)","decl":{"start":{"line":25,"column":9},"end":{"line":25,"column":15}},"loc":{"start":{"line":25,"column":15},"end":{"line":65,"column":3}}},"3":{"name":"(anonymous_12)","decl":{"start":{"line":53,"column":25},"end":{"line":53,"column":28}},"loc":{"start":{"line":53,"column":31},"end":{"line":53,"column":55}}}},"branchMap":{"0":{"loc":{"start":{"line":26,"column":4},"end":{"line":62,"column":5}},"type":"if","locations":[{"start":{"line":26,"column":4},"end":{"line":62,"column":5}}]}},"s":{"0":0,"1":0,"2":0,"3":0,"4":0,"5":0,"6":0,"7":0,"8":0},"f":{"0":0,"1":0,"2":0,"3":0},"b":{"0":[0]}}
,"/home/tim/Cortex/packages/plugins/@cortex/plugin-core/client/components/Layout/GlobalLayout.tsx": {"path":"/home/tim/Cortex/packages/plugins/@cortex/plugin-core/client/components/Layout/GlobalLayout.tsx","statementMap":{"0":{"start":{"line":1,"column":0},"end":{"line":1,"column":51}},"1":{"start":{"line":2,"column":0},"end":{"line":2,"column":34}},"2":{"start":{"line":3,"column":0},"end":{"line":3,"column":36}},"3":{"start":{"line":4,"column":0},"end":{"line":4,"column":44}},"4":{"start":{"line":5,"column":0},"end":{"line":5,"column":48}},"5":{"start":{"line":6,"column":0},"end":{"line":6,"column":42}},"6":{"start":{"line":13,"column":57},"end":{"line":74,"column":1}},"7":{"start":{"line":14,"column":40},"end":{"line":14,"column":54}},"8":{"start":{"line":15,"column":34},"end":{"line":15,"column":49}},"9":{"start":{"line":17,"column":2},"end":{"line":23,"column":9}},"10":{"start":{"line":19,"column":26},"end":{"line":19,"column":66}},"11":{"start":{"line":20,"column":4},"end":{"line":22,"column":5}},"12":{"start":{"line":21,"column":6},"end":{"line":21,"column":45}},"13":{"start":{"line":25,"column":2},"end":{"line":35,"column":17}},"14":{"start":{"line":27,"column":4},"end":{"line":31,"column":5}},"15":{"start":{"line":28,"column":6},"end":{"line":28,"column":53}},"16":{"start":{"line":30,"column":6},"end":{"line":30,"column":56}},"17":{"start":{"line":34,"column":4},"end":{"line":34,"column":71}},"18":{"start":{"line":37,"column":24},"end":{"line":37,"column":58}},"19":{"start":{"line":37,"column":30},"end":{"line":37,"column":58}},"20":{"start":{"line":38,"column":25},"end":{"line":38,"column":53}},"21":{"start":{"line":38,"column":31},"end":{"line":38,"column":53}},"22":{"start":{"line":40,"column":2},"end":{"line":73,"column":4}},"23":{"start":{"line":13,"column":13},"end":{"line":13,"column":57}}},"fnMap":{"0":{"name":"(anonymous_9)","decl":{"start":{"line":13,"column":57},"end":{"line":13,"column":58}},"loc":{"start":{"line":13,"column":93},"end":{"line":74,"column":1}}},"1":{"name":"(anonymous_10)","decl":{"start":{"line":17,"column":12},"end":{"line":17,"column":15}},"loc":{"start":{"line":17,"column":17},"end":{"line":23,"column":3}}},"2":{"name":"(anonymous_11)","decl":{"start":{"line":25,"column":12},"end":{"line":25,"column":15}},"loc":{"start":{"line":25,"column":17},"end":{"line":35,"column":3}}},"3":{"name":"(anonymous_12)","decl":{"start":{"line":37,"column":24},"end":{"line":37,"column":27}},"loc":{"start":{"line":37,"column":30},"end":{"line":37,"column":58}}},"4":{"name":"(anonymous_13)","decl":{"start":{"line":38,"column":25},"end":{"line":38,"column":28}},"loc":{"start":{"line":38,"column":31},"end":{"line":38,"column":53}}}},"branchMap":{"0":{"loc":{"start":{"line":13,"column":70},"end":{"line":13,"column":87}},"type":"default-arg","locations":[{"start":{"line":13,"column":84},"end":{"line":13,"column":87}}]},"1":{"loc":{"start":{"line":20,"column":4},"end":{"line":22,"column":5}},"type":"if","locations":[{"start":{"line":20,"column":4},"end":{"line":22,"column":5}}]},"2":{"loc":{"start":{"line":27,"column":4},"end":{"line":31,"column":5}},"type":"if","locations":[{"start":{"line":27,"column":4},"end":{"line":31,"column":5}},{"start":{"line":29,"column":11},"end":{"line":31,"column":5}}]},"3":{"loc":{"start":{"line":53,"column":65},"end":{"line":53,"column":96}},"type":"cond-expr","locations":[{"start":{"line":53,"column":79},"end":{"line":53,"column":86}},{"start":{"line":53,"column":89},"end":{"line":53,"column":96}}]},"4":{"loc":{"start":{"line":66,"column":26},"end":{"line":66,"column":58}},"type":"cond-expr","locations":[{"start":{"line":66,"column":37},"end":{"line":66,"column":46}},{"start":{"line":66,"column":49},"end":{"line":66,"column":58}}]},"5":{"loc":{"start":{"line":67,"column":21},"end":{"line":67,"column":53}},"type":"cond-expr","locations":[{"start":{"line":67,"column":32},"end":{"line":67,"column":41}},{"start":{"line":67,"column":44},"end":{"line":67,"column":53}}]}},"s":{"0":0,"1":0,"2":0,"3":0,"4":0,"5":0,"6":0,"7":0,"8":0,"9":0,"10":0,"11":0,"12":0,"13":0,"14":0,"15":0,"16":0,"17":0,"18":0,"19":0,"20":0,"21":0,"22":0,"23":0},"f":{"0":0,"1":0,"2":0,"3":0,"4":0},"b":{"0":[0],"1":[0],"2":[0,0],"3":[0,0],"4":[0,0],"5":[0,0]}}
,"/home/tim/Cortex/packages/plugins/@cortex/plugin-core/client/components/Layout/Header.tsx": {"path":"/home/tim/Cortex/packages/plugins/@cortex/plugin-core/client/components/Layout/Header.tsx","statementMap":{"0":{"start":{"line":1,"column":0},"end":{"line":1,"column":26}},"1":{"start":{"line":10,"column":45},"end":{"line":74,"column":1}},"2":{"start":{"line":16,"column":2},"end":{"line":73,"column":4}},"3":{"start":{"line":10,"column":13},"end":{"line":10,"column":45}}},"fnMap":{"0":{"name":"(anonymous_1)","decl":{"start":{"line":10,"column":45},"end":{"line":10,"column":46}},"loc":{"start":{"line":15,"column":5},"end":{"line":74,"column":1}}}},"branchMap":{"0":{"loc":{"start":{"line":23,"column":24},"end":{"line":23,"column":70}},"type":"cond-expr","locations":[{"start":{"line":23,"column":38},"end":{"line":23,"column":53}},{"start":{"line":23,"column":56},"end":{"line":23,"column":70}}]},"1":{"loc":{"start":{"line":50,"column":24},"end":{"line":50,"column":81}},"type":"cond-expr","locations":[{"start":{"line":50,"column":35},"end":{"line":50,"column":57}},{"start":{"line":50,"column":60},"end":{"line":50,"column":81}}]},"2":{"loc":{"start":{"line":52,"column":13},"end":{"line":63,"column":null}},"type":"cond-expr","locations":[{"start":{"line":53,"column":14},"end":{"line":58,"column":null}},{"start":{"line":61,"column":14},"end":{"line":62,"column":null}}]}},"s":{"0":0,"1":0,"2":0,"3":0},"f":{"0":0},"b":{"0":[0,0],"1":[0,0],"2":[0,0]}}
,"/home/tim/Cortex/packages/plugins/@cortex/plugin-core/client/components/Layout/Sidebar.tsx": {"path":"/home/tim/Cortex/packages/plugins/@cortex/plugin-core/client/components/Layout/Sidebar.tsx","statementMap":{"0":{"start":{"line":1,"column":0},"end":{"line":1,"column":26}},"1":{"start":{"line":14,"column":47},"end":{"line":102,"column":1}},"2":{"start":{"line":15,"column":32},"end":{"line":72,"column":4}},"3":{"start":{"line":74,"column":2},"end":{"line":101,"column":4}},"4":{"start":{"line":83,"column":12},"end":{"line":95,"column":null}},"5":{"start":{"line":14,"column":13},"end":{"line":14,"column":47}}},"fnMap":{"0":{"name":"(anonymous_1)","decl":{"start":{"line":14,"column":47},"end":{"line":14,"column":48}},"loc":{"start":{"line":14,"column":75},"end":{"line":102,"column":1}}},"1":{"name":"(anonymous_2)","decl":{"start":{"line":82,"column":26},"end":{"line":82,"column":27}},"loc":{"start":{"line":83,"column":12},"end":{"line":95,"column":null}}}},"branchMap":{"0":{"loc":{"start":{"line":77,"column":8},"end":{"line":77,"column":null}},"type":"cond-expr","locations":[{"start":{"line":77,"column":17},"end":{"line":77,"column":23}},{"start":{"line":77,"column":26},"end":{"line":77,"column":null}}]},"1":{"loc":{"start":{"line":87,"column":18},"end":{"line":89,"column":null}},"type":"cond-expr","locations":[{"start":{"line":88,"column":22},"end":{"line":88,"column":85}},{"start":{"line":89,"column":22},"end":{"line":89,"column":null}}]},"2":{"loc":{"start":{"line":94,"column":17},"end":{"line":94,"column":77}},"type":"binary-expr","locations":[{"start":{"line":94,"column":17},"end":{"line":94,"column":23}},{"start":{"line":94,"column":27},"end":{"line":94,"column":77}}]}},"s":{"0":0,"1":0,"2":0,"3":0,"4":0,"5":0},"f":{"0":0,"1":0},"b":{"0":[0,0],"1":[0,0],"2":[0,0]}}
,"/home/tim/Cortex/packages/plugins/@cortex/plugin-core/client/components/Onboarding/GetStartedModal.tsx": {"path":"/home/tim/Cortex/packages/plugins/@cortex/plugin-core/client/components/Onboarding/GetStartedModal.tsx","statementMap":{"0":{"start":{"line":1,"column":0},"end":{"line":1,"column":40}},"1":{"start":{"line":8,"column":63},"end":{"line":219,"column":1}},"2":{"start":{"line":9,"column":40},"end":{"line":9,"column":51}},"3":{"start":{"line":10,"column":46},"end":{"line":10,"column":68}},"4":{"start":{"line":12,"column":16},"end":{"line":97,"column":4}},"5":{"start":{"line":99,"column":26},"end":{"line":99,"column":71}},"6":{"start":{"line":99,"column":47},"end":{"line":99,"column":70}},"7":{"start":{"line":101,"column":21},"end":{"line":110,"column":3}},"8":{"start":{"line":102,"column":4},"end":{"line":102,"column":56}},"9":{"start":{"line":102,"column":32},"end":{"line":102,"column":54}},"10":{"start":{"line":103,"column":4},"end":{"line":109,"column":5}},"11":{"start":{"line":104,"column":6},"end":{"line":104,"column":38}},"12":{"start":{"line":107,"column":6},"end":{"line":107,"column":66}},"13":{"start":{"line":108,"column":6},"end":{"line":108,"column":16}},"14":{"start":{"line":112,"column":25},"end":{"line":116,"column":3}},"15":{"start":{"line":113,"column":4},"end":{"line":115,"column":5}},"16":{"start":{"line":114,"column":6},"end":{"line":114,"column":38}},"17":{"start":{"line":118,"column":21},"end":{"line":121,"column":3}},"18":{"start":{"line":119,"column":4},"end":{"line":119,"column":64}},"19":{"start":{"line":120,"column":4},"end":{"line":120,"column":14}},"20":{"start":{"line":123,"column":2},"end":{"line":123,"column":27}},"21":{"start":{"line":123,"column":15},"end":{"line":123,"column":27}},"22":{"start":{"line":125,"column":2},"end":{"line":218,"column":4}},"23":{"start":{"line":152,"column":16},"end":{"line":161,"column":null}},"24":{"start":{"line":167,"column":16},"end":{"line":175,"column":null}},"25":{"start":{"line":8,"column":13},"end":{"line":8,"column":63}}},"fnMap":{"0":{"name":"(anonymous_9)","decl":{"start":{"line":8,"column":63},"end":{"line":8,"column":64}},"loc":{"start":{"line":8,"column":87},"end":{"line":219,"column":1}}},"1":{"name":"(anonymous_10)","decl":{"start":{"line":99,"column":37},"end":{"line":99,"column":38}},"loc":{"start":{"line":99,"column":47},"end":{"line":99,"column":70}}},"2":{"name":"(anonymous_11)","decl":{"start":{"line":101,"column":21},"end":{"line":101,"column":24}},"loc":{"start":{"line":101,"column":26},"end":{"line":110,"column":3}}},"3":{"name":"(anonymous_12)","decl":{"start":{"line":102,"column":22},"end":{"line":102,"column":23}},"loc":{"start":{"line":102,"column":32},"end":{"line":102,"column":54}}},"4":{"name":"(anonymous_13)","decl":{"start":{"line":112,"column":25},"end":{"line":112,"column":28}},"loc":{"start":{"line":112,"column":30},"end":{"line":116,"column":3}}},"5":{"name":"(anonymous_14)","decl":{"start":{"line":118,"column":21},"end":{"line":118,"column":24}},"loc":{"start":{"line":118,"column":26},"end":{"line":121,"column":3}}},"6":{"name":"(anonymous_15)","decl":{"start":{"line":151,"column":25},"end":{"line":151,"column":26}},"loc":{"start":{"line":152,"column":16},"end":{"line":161,"column":null}}},"7":{"name":"(anonymous_16)","decl":{"start":{"line":166,"column":25},"end":{"line":166,"column":26}},"loc":{"start":{"line":167,"column":16},"end":{"line":175,"column":null}}}},"branchMap":{"0":{"loc":{"start":{"line":103,"column":4},"end":{"line":109,"column":5}},"type":"if","locations":[{"start":{"line":103,"column":4},"end":{"line":109,"column":5}},{"start":{"line":105,"column":11},"end":{"line":109,"column":5}}]},"1":{"loc":{"start":{"line":113,"column":4},"end":{"line":115,"column":5}},"type":"if","locations":[{"start":{"line":113,"column":4},"end":{"line":115,"column":5}}]},"2":{"loc":{"start":{"line":123,"column":2},"end":{"line":123,"column":27}},"type":"if","locations":[{"start":{"line":123,"column":2},"end":{"line":123,"column":27}}]},"3":{"loc":{"start":{"line":155,"column":22},"end":{"line":159,"column":null}},"type":"cond-expr","locations":[{"start":{"line":156,"column":26},"end":{"line":156,"column":40}},{"start":{"line":157,"column":26},"end":{"line":159,"column":null}}]},"4":{"loc":{"start":{"line":157,"column":26},"end":{"line":159,"column":null}},"type":"cond-expr","locations":[{"start":{"line":158,"column":28},"end":{"line":158,"column":41}},{"start":{"line":159,"column":28},"end":{"line":159,"column":null}}]},"5":{"loc":{"start":{"line":170,"column":20},"end":{"line":172,"column":null}},"type":"cond-expr","locations":[{"start":{"line":171,"column":24},"end":{"line":171,"column":70}},{"start":{"line":172,"column":24},"end":{"line":172,"column":null}}]},"6":{"loc":{"start":{"line":199,"column":15},"end":{"line":205,"column":null}},"type":"binary-expr","locations":[{"start":{"line":199,"column":15},"end":{"line":199,"column":30}},{"start":{"line":200,"column":16},"end":{"line":202,"column":null}}]},"7":{"loc":{"start":{"line":211,"column":17},"end":{"line":211,"column":70}},"type":"cond-expr","locations":[{"start":{"line":211,"column":48},"end":{"line":211,"column":61}},{"start":{"line":211,"column":64},"end":{"line":211,"column":70}}]}},"s":{"0":0,"1":0,"2":0,"3":0,"4":0,"5":0,"6":0,"7":0,"8":0,"9":0,"10":0,"11":0,"12":0,"13":0,"14":0,"15":0,"16":0,"17":0,"18":0,"19":0,"20":0,"21":0,"22":0,"23":0,"24":0,"25":0},"f":{"0":0,"1":0,"2":0,"3":0,"4":0,"5":0,"6":0,"7":0},"b":{"0":[0,0],"1":[0],"2":[0],"3":[0,0],"4":[0,0],"5":[0,0],"6":[0,0],"7":[0,0]}}
[...]
jobPoller/index.ts": {"path":"/home/tim/Cortex/packages/workers/jobPoller/index.ts","statementMap":{"0":{"start":{"line":5,"column":0},"end":{"line":5,"column":34}},"1":{"start":{"line":28,"column":23},"end":{"line":28,"column":50}},"2":{"start":{"line":38,"column":22},"end":{"line":38,"column":27}},"3":{"start":{"line":42,"column":4},"end":{"line":42,"column":39}},"4":{"start":{"line":43,"column":4},"end":{"line":43,"column":39}},"5":{"start":{"line":44,"column":4},"end":{"line":44,"column":31}},"6":{"start":{"line":48,"column":4},"end":{"line":50,"column":7}},"7":{"start":{"line":49,"column":6},"end":{"line":49,"column":73}},"8":{"start":{"line":52,"column":4},"end":{"line":58,"column":7}},"9":{"start":{"line":53,"column":6},"end":{"line":53,"column":87}},"10":{"start":{"line":55,"column":6},"end":{"line":57,"column":7}},"11":{"start":{"line":56,"column":8},"end":{"line":56,"column":57}},"12":{"start":{"line":60,"column":4},"end":{"line":62,"column":7}},"13":{"start":{"line":61,"column":6},"end":{"line":61,"column":83}},"14":{"start":{"line":66,"column":4},"end":{"line":69,"column":5}},"15":{"start":{"line":67,"column":6},"end":{"line":67,"column":36}},"16":{"start":{"line":68,"column":6},"end":{"line":68,"column":13}},"17":{"start":{"line":71,"column":4},"end":{"line":71,"column":64}},"18":{"start":{"line":72,"column":4},"end":{"line":72,"column":26}},"19":{"start":{"line":75,"column":4},"end":{"line":75,"column":32}},"20":{"start":{"line":78,"column":4},"end":{"line":87,"column":26}},"21":{"start":{"line":79,"column":6},"end":{"line":86,"column":7}},"22":{"start":{"line":80,"column":8},"end":{"line":80,"column":36}},"23":{"start":{"line":82,"column":8},"end":{"line":85,"column":10}},"24":{"start":{"line":89,"column":4},"end":{"line":89,"column":57}},"25":{"start":{"line":93,"column":4},"end":{"line":95,"column":5}},"26":{"start":{"line":94,"column":6},"end":{"line":94,"column":13}},"27":{"start":{"line":97,"column":4},"end":{"line":97,"column":45}},"28":{"start":{"line":98,"column":4},"end":{"line":98,"column":27}},"29":{"start":{"line":100,"column":4},"end":{"line":103,"column":5}},"30":{"start":{"line":101,"column":6},"end":{"line":101,"column":37}},"31":{"start":{"line":102,"column":6},"end":{"line":102,"column":34}},"32":{"start":{"line":105,"column":4},"end":{"line":105,"column":44}},"33":{"start":{"line":109,"column":23},"end":{"line":109,"column":54}},"34":{"start":{"line":111,"column":4},"end":{"line":113,"column":5}},"35":{"start":{"line":112,"column":6},"end":{"line":112,"column":13}},"36":{"start":{"line":115,"column":4},"end":{"line":115,"column":59}},"37":{"start":{"line":117,"column":25},"end":{"line":131,"column":6}},"38":{"start":{"line":118,"column":6},"end":{"line":130,"column":7}},"39":{"start":{"line":120,"column":8},"end":{"line":122,"column":9}},"40":{"start":{"line":121,"column":10},"end":{"line":121,"column":17}},"41":{"start":{"line":124,"column":8},"end":{"line":124,"column":49}},"42":{"start":{"line":126,"column":8},"end":{"line":129,"column":10}},"43":{"start":{"line":133,"column":4},"end":{"line":133,"column":43}},"44":{"start":{"line":137,"column":4},"end":{"line":137,"column":65}},"45":{"start":{"line":142,"column":4},"end":{"line":146,"column":6}},"46":{"start":{"line":151,"column":9},"end":{"line":151,"column":18}},"47":{"start":{"line":156,"column":21},"end":{"line":156,"column":85}},"48":{"start":{"line":158,"column":0},"end":{"line":179,"column":1}},"49":{"start":{"line":159,"column":17},"end":{"line":159,"column":32}},"50":{"start":{"line":162,"column":2},"end":{"line":166,"column":5}},"51":{"start":{"line":163,"column":4},"end":{"line":163,"column":63}},"52":{"start":{"line":164,"column":4},"end":{"line":164,"column":24}},"53":{"start":{"line":165,"column":4},"end":{"line":165,"column":20}},"54":{"start":{"line":168,"column":2},"end":{"line":172,"column":5}},"55":{"start":{"line":169,"column":4},"end":{"line":169,"column":64}},"56":{"start":{"line":170,"column":4},"end":{"line":170,"column":24}},"57":{"start":{"line":171,"column":4},"end":{"line":171,"column":20}},"58":{"start":{"line":175,"column":2},"end":{"line":178,"column":5}},"59":{"start":{"line":176,"column":4},"end":{"line":176,"column":93}},"60":{"start":{"line":177,"column":4},"end":{"line":177,"column":20}}},"fnMap":{"0":{"name":"(anonymous_0)","decl":{"start":{"line":41,"column":2},"end":{"line":41,"column":14}},"loc":{"start":{"line":41,"column":36},"end":{"line":45,"column":3}}},"1":{"name":"(anonymous_1)","decl":{"start":{"line":47,"column":10},"end":{"line":47,"column":29}},"loc":{"start":{"line":47,"column":29},"end":{"line":63,"column":3}}},"2":{"name":"(anonymous_2)","decl":{"start":{"line":48,"column":37},"end":{"line":48,"column":38}},"loc":{"start":{"line":48,"column":64},"end":{"line":50,"column":5}}},"3":{"name":"(anonymous_3)","decl":{"start":{"line":52,"column":43},"end":{"line":52,"column":44}},"loc":{"start":{"line":52,"column":76},"end":{"line":58,"column":5}}},"4":{"name":"(anonymous_4)","decl":{"start":{"line":60,"column":39},"end":{"line":60,"column":40}},"loc":{"start":{"line":60,"column":68},"end":{"line":62,"column":5}}},"5":{"name":"(anonymous_5)","decl":{"start":{"line":65,"column":2},"end":{"line":65,"column":7}},"loc":{"start":{"line":65,"column":13},"end":{"line":90,"column":3}}},"6":{"name":"(anonymous_6)","decl":{"start":{"line":78,"column":34},"end":{"line":78,"column":39}},"loc":{"start":{"line":78,"column":45},"end":{"line":87,"column":5}}},"7":{"name":"(anonymous_7)","decl":{"start":{"line":92,"column":2},"end":{"line":92,"column":7}},"loc":{"start":{"line":92,"column":12},"end":{"line":106,"column":3}}},"8":{"name":"(anonymous_8)","decl":{"start":{"line":108,"column":10},"end":{"line":108,"column":15}},"loc":{"start":{"line":108,"column":30},"end":{"line":134,"column":3}}},"9":{"name":"(anonymous_9)","decl":{"start":{"line":117,"column":40},"end":{"line":117,"column":45}},"loc":{"start":{"line":117,"column":54},"end":{"line":131,"column":5}}},"10":{"name":"(anonymous_10)","decl":{"start":{"line":136,"column":10},"end":{"line":136,"column":25}},"loc":{"start":{"line":136,"column":47},"end":{"line":138,"column":3}}},"11":{"name":"(anonymous_11)","decl":{"start":{"line":141,"column":2},"end":{"line":141,"column":11}},"loc":{"start":{"line":141,"column":11},"end":{"line":147,"column":3}}},"12":{"name":"(anonymous_12)","decl":{"start":{"line":162,"column":23},"end":{"line":162,"column":28}},"loc":{"start":{"line":162,"column":34},"end":{"line":166,"column":3}}},"13":{"name":"(anonymous_13)","decl":{"start":{"line":168,"column":24},"end":{"line":168,"column":29}},"loc":{"start":{"line":168,"column":35},"end":{"line":172,"column":3}}},"14":{"name":"(anonymous_14)","decl":{"start":{"line":175,"column":23},"end":{"line":175,"column":24}},"loc":{"start":{"line":175,"column":42},"end":{"line":178,"column":3}}}},"branchMap":{"0":{"loc":{"start":{"line":41,"column":14},"end":{"line":41,"column":36}},"type":"default-arg","locations":[{"start":{"line":41,"column":31},"end":{"line":41,"column":36}}]},"1":{"loc":{"start":{"line":55,"column":6},"end":{"line":57,"column":7}},"type":"if","locations":[{"start":{"line":55,"column":6},"end":{"line":57,"column":7}}]},"2":{"loc":{"start":{"line":55,"column":10},"end":{"line":55,"column":45}},"type":"binary-expr","locations":[{"start":{"line":55,"column":10},"end":{"line":55,"column":20}},{"start":{"line":55,"column":24},"end":{"line":55,"column":45}}]},"3":{"loc":{"start":{"line":61,"column":58},"end":{"line":61,"column":79}},"type":"binary-expr","locations":[{"start":{"line":61,"column":58},"end":{"line":61,"column":70}},{"start":{"line":61,"column":74},"end":{"line":61,"column":79}}]},"4":{"loc":{"start":{"line":66,"column":4},"end":{"line":69,"column":5}},"type":"if","locations":[{"start":{"line":66,"column":4},"end":{"line":69,"column":5}}]},"5":{"loc":{"start":{"line":84,"column":10},"end":{"line":84,"column":64}},"type":"cond-expr","locations":[{"start":{"line":84,"column":35},"end":{"line":84,"column":48}},{"start":{"line":84,"column":51},"end":{"line":84,"column":64}}]},"6":{"loc":{"start":{"line":93,"column":4},"end":{"line":95,"column":5}},"type":"if","locations":[{"start":{"line":93,"column":4},"end":{"line":95,"column":5}}]},"7":{"loc":{"start":{"line":100,"column":4},"end":{"line":103,"column":5}},"type":"if","locations":[{"start":{"line":100,"column":4},"end":{"line":103,"column":5}}]},"8":{"loc":{"start":{"line":111,"column":4},"end":{"line":113,"column":5}},"type":"if","locations":[{"start":{"line":111,"column":4},"end":{"line":113,"column":5}}]},"9":{"loc":{"start":{"line":120,"column":8},"end":{"line":122,"column":9}},"type":"if","locations":[{"start":{"line":120,"column":8},"end":{"line":122,"column":9}}]},"10":{"loc":{"start":{"line":120,"column":12},"end":{"line":120,"column":65}},"type":"binary-expr","locations":[{"start":{"line":120,"column":12},"end":{"line":120,"column":15}},{"start":{"line":120,"column":19},"end":{"line":120,"column":29}},{"start":{"line":120,"column":33},"end":{"line":120,"column":65}}]},"11":{"loc":{"start":{"line":128,"column":10},"end":{"line":128,"column":64}},"type":"cond-expr","locations":[{"start":{"line":128,"column":35},"end":{"line":128,"column":48}},{"start":{"line":128,"column":51},"end":{"line":128,"column":64}}]},"12":{"loc":{"start":{"line":156,"column":21},"end":{"line":156,"column":85}},"type":"cond-expr","locations":[{"start":{"line":156,"column":54},"end":{"line":156,"column":77}},{"start":{"line":156,"column":80},"end":{"line":156,"column":85}}]},"13":{"loc":{"start":{"line":158,"column":0},"end":{"line":179,"column":1}},"type":"if","locations":[{"start":{"line":158,"column":0},"end":{"line":179,"column":1}}]},"14":{"loc":{"start":{"line":176,"column":37},"end":{"line":176,"column":91}},"type":"cond-expr","locations":[{"start":{"line":176,"column":62},"end":{"line":176,"column":75}},{"start":{"line":176,"column":78},"end":{"line":176,"column":91}}]}},"s":{"0":0,"1":0,"2":0,"3":0,"4":0,"5":0,"6":0,"7":0,"8":0,"9":0,"10":0,"11":0,"12":0,"13":0,"14":0,"15":0,"16":0,"17":0,"18":0,"19":0,"20":0,"21":0,"22":0,"23":0,"24":0,"25":0,"26":0,"27":0,"28":0,"29":0,"30":0,"31":0,"32":0,"33":0,"34":0,"35":0,"36":0,"37":0,"38":0,"39":0,"40":0,"41":0,"42":0,"43":0,"44":0,"45":0,"46":0,"47":0,"48":0,"49":0,"50":0,"51":0,"52":0,"53":0,"54":0,"55":0,"56":0,"57":0,"58":0,"59":0,"60":0},"f":{"0":0,"1":0,"2":0,"3":0,"4":0,"5":0,"6":0,"7":0,"8":0,"9":0,"10":0,"11":0,"12":0,"13":0,"14":0},"b":{"0":[0],"1":[0],"2":[0,0],"3":[0,0],"4":[0],"5":[0,0],"6":[0],"7":[0],"8":[0],"9":[0],"10":[0,0,0],"11":[0,0],"12":[0,0],"13":[0],"14":[0,0]}}
,"/home/tim/Cortex/packages/workers/jobPoller/logger.ts": {"path":"/home/tim/Cortex/packages/workers/jobPoller/logger.ts","statementMap":{"0":{"start":{"line":7,"column":4},"end":{"line":7,"column":27}},"1":{"start":{"line":8,"column":4},"end":{"line":8,"column":27}},"2":{"start":{"line":12,"column":4},"end":{"line":15,"column":5}},"3":{"start":{"line":14,"column":6},"end":{"line":14,"column":59}},"4":{"start":{"line":19,"column":4},"end":{"line":22,"column":5}},"5":{"start":{"line":21,"column":6},"end":{"line":21,"column":68}},"6":{"start":{"line":26,"column":4},"end":{"line":29,"column":5}},"7":{"start":{"line":28,"column":6},"end":{"line":28,"column":69}},"8":{"start":{"line":33,"column":4},"end":{"line":36,"column":5}},"9":{"start":{"line":35,"column":6},"end":{"line":35,"column":68}},"10":{"start":{"line":2,"column":0},"end":{"line":2,"column":13}},"11":{"start":{"line":41,"column":13},"end":{"line":41,"column":46}}},"fnMap":{"0":{"name":"(anonymous_0)","decl":{"start":{"line":6,"column":2},"end":{"line":6,"column":14}},"loc":{"start":{"line":6,"column":45},"end":{"line":9,"column":3}}},"1":{"name":"(anonymous_1)","decl":{"start":{"line":11,"column":2},"end":{"line":11,"column":5}},"loc":{"start":{"line":11,"column":41},"end":{"line":16,"column":3}}},"2":{"name":"(anonymous_2)","decl":{"start":{"line":18,"column":2},"end":{"line":18,"column":7}},"loc":{"start":{"line":18,"column":43},"end":{"line":23,"column":3}}},"3":{"name":"(anonymous_3)","decl":{"start":{"line":25,"column":2},"end":{"line":25,"column":6}},"loc":{"start":{"line":25,"column":42},"end":{"line":30,"column":3}}},"4":{"name":"(anonymous_4)","decl":{"start":{"line":32,"column":2},"end":{"line":32,"column":7}},"loc":{"start":{"line":32,"column":43},"end":{"line":37,"column":3}}}},"branchMap":{"0":{"loc":{"start":{"line":6,"column":31},"end":{"line":6,"column":45}},"type":"default-arg","locations":[{"start":{"line":6,"column":41},"end":{"line":6,"column":45}}]},"1":{"loc":{"start":{"line":12,"column":4},"end":{"line":15,"column":5}},"type":"if","locations":[{"start":{"line":12,"column":4},"end":{"line":15,"column":5}}]},"2":{"loc":{"start":{"line":19,"column":4},"end":{"line":22,"column":5}},"type":"if","locations":[{"start":{"line":19,"column":4},"end":{"line":22,"column":5}}]},"3":{"loc":{"start":{"line":26,"column":4},"end":{"line":29,"column":5}},"type":"if","locations":[{"start":{"line":26,"column":4},"end":{"line":29,"column":5}}]},"4":{"loc":{"start":{"line":33,"column":4},"end":{"line":36,"column":5}},"type":"if","locations":[{"start":{"line":33,"column":4},"end":{"line":36,"column":5}}]}},"s":{"0":0,"1":0,"2":0,"3":0,"4":0,"5":0,"6":0,"7":0,"8":0,"9":0,"10":0,"11":0},"f":{"0":0,"1":0,"2":0,"3":0,"4":0},"b":{"0":[0],"1":[0],"2":[0],"3":[0],"4":[0]}}
,"/home/tim/Cortex/packages/workers/jobPoller/mockJobService.ts": {"path":"/home/tim/Cortex/packages/workers/jobPoller/mockJobService.ts","statementMap":{"0":{"start":{"line":1,"column":0},"end":{"line":1,"column":38}},"1":{"start":{"line":2,"column":0},"end":{"line":2,"column":34}},"2":{"start":{"line":15,"column":27},"end":{"line":15,"column":53}},"3":{"start":{"line":18,"column":4},"end":{"line":18,"column":12}},"4":{"start":{"line":19,"column":4},"end":{"line":19,"column":45}},"5":{"start":{"line":22,"column":4},"end":{"line":26,"column":7}},"6":{"start":{"line":30,"column":4},"end":{"line":30,"column":50}},"7":{"start":{"line":31,"column":4},"end":{"line":36,"column":6}},"8":{"start":{"line":41,"column":4},"end":{"line":44,"column":8}},"9":{"start":{"line":41,"column":73},"end":{"line":44,"column":6}},"10":{"start":{"line":14,"column":0},"end":{"line":14,"column":13}}},"fnMap":{"0":{"name":"(anonymous_0)","decl":{"start":{"line":17,"column":2},"end":{"line":17,"column":null}},"loc":{"start":{"line":17,"column":2},"end":{"line":27,"column":3}}},"1":{"name":"(anonymous_1)","decl":{"start":{"line":29,"column":2},"end":{"line":29,"column":7}},"loc":{"start":{"line":29,"column":32},"end":{"line":37,"column":3}}},"2":{"name":"(anonymous_2)","decl":{"start":{"line":39,"column":2},"end":{"line":39,"column":15}},"loc":{"start":{"line":39,"column":15},"end":{"line":45,"column":3}}},"3":{"name":"(anonymous_3)","decl":{"start":{"line":41,"column":57},"end":{"line":41,"column":58}},"loc":{"start":{"line":41,"column":73},"end":{"line":44,"column":6}}}},"branchMap":{},"s":{"0":0,"1":0,"2":0,"3":0,"4":0,"5":0,"6":0,"7":0,"8":0,"9":0,"10":0},"f":{"0":0,"1":0,"2":0,"3":0},"b":{}}
,"/home/tim/Cortex/packages/workers/jobPoller/__tests__/jobPoller.test.ts": {"path":"/home/tim/Cortex/packages/workers/jobPoller/__tests__/jobPoller.test.ts","statementMap":{"0":{"start":{"line":4,"column":0},"end":{"line":10,"column":4}},"1":{"start":{"line":4,"column":84},"end":{"line":10,"column":2}},"2":{"start":{"line":5,"column":50},"end":{"line":9,"column":4}},"3":{"start":{"line":1,"column":0},"end":{"line":1,"column":37}},"4":{"start":{"line":12,"column":0},"end":{"line":66,"column":3}},"5":{"start":{"line":15,"column":2},"end":{"line":17,"column":5}},"6":{"start":{"line":16,"column":4},"end":{"line":16,"column":36}},"7":{"start":{"line":19,"column":2},"end":{"line":21,"column":5}},"8":{"start":{"line":20,"column":4},"end":{"line":20,"column":27}},"9":{"start":{"line":23,"column":2},"end":{"line":28,"column":5}},"10":{"start":{"line":24,"column":19},"end":{"line":24,"column":40}},"11":{"start":{"line":25,"column":4},"end":{"line":25,"column":43}},"12":{"start":{"line":26,"column":4},"end":{"line":26,"column":39}},"13":{"start":{"line":27,"column":4},"end":{"line":27,"column":52}},"14":{"start":{"line":30,"column":2},"end":{"line":34,"column":5}},"15":{"start":{"line":31,"column":4},"end":{"line":31,"column":28}},"16":{"start":{"line":32,"column":19},"end":{"line":32,"column":40}},"17":{"start":{"line":33,"column":4},"end":{"line":33,"column":38}},"18":{"start":{"line":36,"column":2},"end":{"line":41,"column":5}},"19":{"start":{"line":37,"column":4},"end":{"line":37,"column":28}},"20":{"start":{"line":38,"column":4},"end":{"line":38,"column":27}},"21":{"start":{"line":39,"column":19},"end":{"line":39,"column":40}},"22":{"start":{"line":40,"column":4},"end":{"line":40,"column":39}},"23":{"start":{"line":43,"column":2},"end":{"line":51,"column":5}},"24":{"start":{"line":44,"column":4},"end":{"line":44,"column":28}},"25":{"start":{"line":45,"column":23},"end":{"line":45,"column":70}},"26":{"start":{"line":47,"column":4},"end":{"line":47,"column":28}},"27":{"start":{"line":49,"column":4},"end":{"line":49,"column":75}},"28":{"start":{"line":50,"column":4},"end":{"line":50,"column":29}},"29":{"start":{"line":53,"column":2},"end":{"line":65,"column":5}},"30":{"start":{"line":54,"column":23},"end":{"line":54,"column":70}},"31":{"start":{"line":56,"column":4},"end":{"line":56,"column":28}},"32":{"start":{"line":59,"column":4},"end":{"line":59,"column":62}},"33":{"start":{"line":59,"column":35},"end":{"line":59,"column":60}},"34":{"start":{"line":61,"column":4},"end":{"line":61,"column":27}},"35":{"start":{"line":63,"column":4},"end":{"line":63,"column":98}},"36":{"start":{"line":64,"column":4},"end":{"line":64,"column":29}}},"fnMap":{"0":{"name":"(anonymous_0)","decl":{"start":{"line":4,"column":77},"end":{"line":4,"column":80}},"loc":{"start":{"line":4,"column":84},"end":{"line":10,"column":2}}},"1":{"name":"(anonymous_1)","decl":{"start":{"line":5,"column":43},"end":{"line":5,"column":46}},"loc":{"start":{"line":5,"column":50},"end":{"line":9,"column":4}}},"2":{"name":"(anonymous_2)","decl":{"start":{"line":12,"column":22},"end":{"line":12,"column":25}},"loc":{"start":{"line":12,"column":27},"end":{"line":66,"column":1}}},"3":{"name":"(anonymous_3)","decl":{"start":{"line":15,"column":13},"end":{"line":15,"column":16}},"loc":{"start":{"line":15,"column":18},"end":{"line":17,"column":3}}},"4":{"name":"(anonymous_4)","decl":{"start":{"line":19,"column":12},"end":{"line":19,"column":17}},"loc":{"start":{"line":19,"column":23},"end":{"line":21,"column":3}}},"5":{"name":"(anonymous_5)","decl":{"start":{"line":23,"column":48},"end":{"line":23,"column":51}},"loc":{"start":{"line":23,"column":53},"end":{"line":28,"column":3}}},"6":{"name":"(anonymous_6)","decl":{"start":{"line":30,"column":34},"end":{"line":30,"column":39}},"loc":{"start":{"line":30,"column":45},"end":{"line":34,"column":3}}},"7":{"name":"(anonymous_7)","decl":{"start":{"line":36,"column":33},"end":{"line":36,"column":38}},"loc":{"start":{"line":36,"column":44},"end":{"line":41,"column":3}}},"8":{"name":"(anonymous_8)","decl":{"start":{"line":43,"column":44},"end":{"line":43,"column":49}},"loc":{"start":{"line":43,"column":55},"end":{"line":51,"column":3}}},"9":{"name":"(anonymous_9)","decl":{"start":{"line":53,"column":47},"end":{"line":53,"column":52}},"loc":{"start":{"line":53,"column":58},"end":{"line":65,"column":3}}},"10":{"name":"(anonymous_10)","decl":{"start":{"line":59,"column":22},"end":{"line":59,"column":23}},"loc":{"start":{"line":59,"column":35},"end":{"line":59,"column":60}}}},"branchMap":{},"s":{"0":0,"1":0,"2":0,"3":0,"4":0,"5":0,"6":0,"7":0,"8":0,"9":0,"10":0,"11":0,"12":0,"13":0,"14":0,"15":0,"16":0,"17":0,"18":0,"19":0,"20":0,"21":0,"22":0,"23":0,"24":0,"25":0,"26":0,"27":0,"28":0,"29":0,"30":0,"31":0,"32":0,"33":0,"34":0,"35":0,"36":0},"f":{"0":0,"1":0,"2":0,"3":0,"4":0,"5":0,"6":0,"7":0,"8":0,"9":0,"10":0},"b":{}}
}
