TN:
SF:packages/core/app/database/migrations/001-initial-tables.ts
FN:4,(anonymous_0)
FN:10,(anonymous_1)
FNF:2
FNH:0
FNDA:0,(anonymous_0)
FNDA:0,(anonymous_1)
DA:1,0
DA:3,0
DA:5,0
LF:3
LH:0
BRF:0
BRH:0
end_of_record
TN:
SF:packages/core/app/server/collections/computeJobs.ts
FNF:0
FNH:0
DA:1,0
DA:3,0
LF:2
LH:0
BRF:0
BRH:0
end_of_record
TN:
SF:packages/core/app/server/collections/networkStatus.ts
FNF:0
FNH:0
DA:1,0
DA:3,0
LF:2
LH:0
BRF:0
BRH:0
end_of_record
TN:
SF:packages/core/app/server/collections/users.ts
FNF:0
FNH:0
DA:1,0
DA:3,0
LF:2
LH:0
BRF:0
BRH:0
end_of_record
TN:
SF:packages/core/app/server/src/index.ts
FNF:0
FNH:0
DA:2,0
DA:3,0
DA:5,0
DA:17,0
DA:18,0
DA:21,0
LF:6
LH:0
BRDA:7,0,0,0
BRDA:7,0,1,0
BRDA:8,1,0,0
BRDA:8,1,1,0
BRDA:9,2,0,0
BRDA:9,2,1,0
BRDA:10,3,0,0
BRDA:10,3,1,0
BRDA:11,4,0,0
BRDA:11,4,1,0
BRDA:12,5,0,0
BRDA:12,5,1,0
BRDA:17,6,0,0
BRF:13
BRH:0
end_of_record
TN:
SF:packages/plugins/@cortex/plugin-core/client/index.tsx
FN:3,(anonymous_1)
FNF:1
FNH:0
FNDA:0,(anonymous_1)
DA:1,0
DA:3,0
DA:4,0
LF:3
LH:0
BRF:0
BRH:0
end_of_record
TN:
SF:packages/plugins/@cortex/plugin-core/client/components/CoreDashboard.tsx
FN:10,(anonymous_10)
FN:18,(anonymous_11)
FN:23,(anonymous_12)
FN:37,(anonymous_13)
FN:42,(anonymous_14)
FN:45,(anonymous_15)
FN:57,(anonymous_16)
FN:69,(anonymous_17)
FN:84,(anonymous_18)
FN:98,(anonymous_19)
FN:111,(anonymous_20)
FN:127,(anonymous_21)
FN:134,(anonymous_22)
FN:135,(anonymous_23)
FN:149,(anonymous_24)
FN:150,(anonymous_25)
FN:151,(anonymous_26)
FN:151,(anonymous_27)
FN:152,(anonymous_28)
FN:153,(anonymous_29)
FN:157,(anonymous_30)
FN:174,(anonymous_31)
FN:305,(anonymous_32)
FN:329,(anonymous_33)
FNF:24
FNH:0
FNDA:0,(anonymous_10)
FNDA:0,(anonymous_11)
FNDA:0,(anonymous_12)
FNDA:0,(anonymous_13)
FNDA:0,(anonymous_14)
FNDA:0,(anonymous_15)
FNDA:0,(anonymous_16)
FNDA:0,(anonymous_17)
FNDA:0,(anonymous_18)
FNDA:0,(anonymous_19)
FNDA:0,(anonymous_20)
FNDA:0,(anonymous_21)
FNDA:0,(anonymous_22)
FNDA:0,(anonymous_23)
FNDA:0,(anonymous_24)
FNDA:0,(anonymous_25)
FNDA:0,(anonymous_26)
FNDA:0,(anonymous_27)
FNDA:0,(anonymous_28)
FNDA:0,(anonymous_29)
FNDA:0,(anonymous_30)
FNDA:0,(anonymous_31)
FNDA:0,(anonymous_32)
FNDA:0,(anonymous_33)
DA:1,0
DA:2,0
DA:3,0
DA:4,0
DA:5,0
DA:6,0
DA:7,0
DA:8,0
DA:10,0
DA:11,0
DA:12,0
DA:13,0
DA:14,0
DA:15,0
DA:16,0
DA:18,0
DA:20,0
DA:21,0
DA:23,0
DA:27,0
DA:28,0
DA:29,0
DA:32,0
DA:33,0
DA:34,0
DA:37,0
DA:38,0
DA:39,0
DA:42,0
DA:45,0
DA:46,0
DA:47,0
DA:48,0
DA:49,0
DA:50,0
DA:53,0
DA:57,0
DA:58,0
DA:59,0
DA:60,0
DA:61,0
DA:62,0
DA:65,0
DA:69,0
DA:70,0
DA:71,0
DA:72,0
DA:73,0
DA:74,0
DA:77,0
DA:79,0
DA:80,0
DA:84,0
DA:85,0
DA:86,0
DA:87,0
DA:88,0
DA:89,0
DA:95,0
DA:98,0
DA:99,0
DA:100,0
DA:101,0
DA:109,0
DA:110,0
DA:111,0
DA:112,0
DA:113,0
DA:115,0
DA:116,0
DA:117,0
DA:120,0
DA:121,0
DA:123,0
DA:127,0
DA:128,0
DA:129,0
DA:133,0
DA:134,0
DA:135,0
DA:137,0
DA:138,0
DA:140,0
DA:141,0
DA:144,0
DA:145,0
DA:149,0
DA:150,0
DA:151,0
DA:152,0
DA:153,0
DA:155,0
DA:157,0
DA:174,0
DA:305,0
DA:329,0
LF:96
LH:0
BRDA:21,0,0,0
BRDA:28,1,0,0
BRDA:48,2,0,0
BRDA:50,3,0,0
BRDA:50,3,1,0
BRDA:60,4,0,0
BRDA:62,5,0,0
BRDA:62,5,1,0
BRDA:72,6,0,0
BRDA:74,7,0,0
BRDA:74,7,1,0
BRDA:109,8,0,0
BRDA:109,8,1,0
BRDA:133,9,0,0
BRDA:133,9,1,0
BRDA:135,10,0,0
BRDA:135,10,1,0
BRDA:153,11,0,0
BRDA:153,11,1,0
BRDA:153,11,2,0
BRDA:162,12,0,0
BRDA:162,12,1,0
BRF:22
BRH:0
end_of_record
TN:
SF:packages/plugins/@cortex/plugin-core/client/components/JobStatusTable.tsx
FN:9,(anonymous_1)
FN:10,(anonymous_2)
FN:27,(anonymous_3)
FN:73,(anonymous_4)
FN:107,(anonymous_5)
FNF:5
FNH:0
FNDA:0,(anonymous_1)
FNDA:0,(anonymous_2)
FNDA:0,(anonymous_3)
FNDA:0,(anonymous_4)
FNDA:0,(anonymous_5)
DA:1,0
DA:9,0
DA:10,0
DA:11,0
DA:13,0
DA:15,0
DA:17,0
DA:19,0
DA:21,0
DA:23,0
DA:27,0
DA:28,0
DA:31,0
DA:32,0
DA:39,0
DA:74,0
DA:107,0
LF:17
LH:0
BRDA:11,0,0,0
BRDA:11,0,1,0
BRDA:11,0,2,0
BRDA:11,0,3,0
BRDA:11,0,4,0
BRDA:11,0,5,0
BRDA:31,1,0,0
BRDA:76,2,0,0
BRDA:76,2,1,0
BRDA:79,3,0,0
BRDA:79,3,1,0
BRDA:82,4,0,0
BRDA:82,4,1,0
BRDA:99,5,0,0
BRDA:99,5,1,0
BRDA:99,5,2,0
BRDA:102,6,0,0
BRDA:102,6,1,0
BRDA:105,7,0,0
BRDA:105,7,1,0
BRF:20
BRH:0
end_of_record
TN:
SF:packages/plugins/@cortex/plugin-core/client/components/JobSubmissionForm.tsx
FN:18,(anonymous_10)
FN:40,(anonymous_11)
FN:70,(anonymous_12)
FN:79,(anonymous_13)
FN:82,(anonymous_14)
FN:99,(anonymous_15)
FN:124,(anonymous_16)
FN:125,(anonymous_17)
FN:132,(anonymous_18)
FN:139,(anonymous_19)
FN:147,(anonymous_20)
FN:168,(anonymous_21)
FN:171,(anonymous_22)
FN:187,(anonymous_23)
FN:205,(anonymous_24)
FN:224,(anonymous_25)
FN:242,(anonymous_26)
FN:259,(anonymous_27)
FN:279,(anonymous_28)
FNF:19
FNH:0
FNDA:0,(anonymous_10)
FNDA:0,(anonymous_11)
FNDA:0,(anonymous_12)
FNDA:0,(anonymous_13)
FNDA:0,(anonymous_14)
FNDA:0,(anonymous_15)
FNDA:0,(anonymous_16)
FNDA:0,(anonymous_17)
FNDA:0,(anonymous_18)
FNDA:0,(anonymous_19)
FNDA:0,(anonymous_20)
FNDA:0,(anonymous_21)
FNDA:0,(anonymous_22)
FNDA:0,(anonymous_23)
FNDA:0,(anonymous_24)
FNDA:0,(anonymous_25)
FNDA:0,(anonymous_26)
FNDA:0,(anonymous_27)
FNDA:0,(anonymous_28)
DA:1,0
DA:2,0
DA:3,0
DA:18,0
DA:23,0
DA:33,0
DA:40,0
DA:41,0
DA:43,0
DA:44,0
DA:45,0
DA:48,0
DA:49,0
DA:50,0
DA:51,0
DA:54,0
DA:55,0
DA:56,0
DA:57,0
DA:60,0
DA:61,0
DA:62,0
DA:63,0
DA:66,0
DA:70,0
DA:71,0
DA:78,0
DA:79,0
DA:82,0
DA:83,0
DA:85,0
DA:86,0
DA:87,0
DA:90,0
DA:91,0
DA:92,0
DA:96,0
DA:97,0
DA:98,0
DA:99,0
DA:100,0
DA:101,0
DA:102,0
DA:106,0
DA:107,0
DA:111,0
DA:121,0
DA:124,0
DA:125,0
DA:131,0
DA:132,0
DA:139,0
DA:141,0
DA:142,0
DA:147,0
DA:148,0
DA:149,0
DA:150,0
DA:151,0
DA:153,0
DA:156,0
DA:168,0
DA:172,0
DA:187,0
DA:205,0
DA:224,0
DA:242,0
DA:259,0
DA:279,0
LF:69
LH:0
BRDA:41,0,0,0
BRDA:41,0,1,0
BRDA:41,0,2,0
BRDA:41,0,3,0
BRDA:41,0,4,0
BRDA:43,1,0,0
BRDA:43,2,0,0
BRDA:43,2,1,0
BRDA:44,3,0,0
BRDA:49,4,0,0
BRDA:49,5,0,0
BRDA:49,5,1,0
BRDA:50,6,0,0
BRDA:54,7,0,0
BRDA:54,8,0,0
BRDA:54,8,1,0
BRDA:56,9,0,0
BRDA:61,10,0,0
BRDA:61,11,0,0
BRDA:61,11,1,0
BRDA:62,12,0,0
BRDA:85,13,0,0
BRDA:90,14,0,0
BRDA:97,15,0,0
BRDA:101,16,0,0
BRDA:101,17,0,0
BRDA:101,17,1,0
BRDA:131,18,0,0
BRDA:142,19,0,0
BRDA:142,19,1,0
BRDA:150,20,0,0
BRDA:173,21,0,0
BRDA:173,21,1,0
BRDA:191,22,0,0
BRDA:191,22,1,0
BRDA:211,23,0,0
BRDA:211,23,1,0
BRDA:228,24,0,0
BRDA:228,24,1,0
BRDA:267,25,0,0
BRDA:267,25,1,0
BRDA:288,26,0,0
BRDA:288,26,1,0
BRDA:290,27,0,0
BRDA:290,27,1,0
BRDA:290,28,0,0
BRDA:290,28,1,0
BRDA:295,29,0,0
BRDA:295,29,1,0
BRDA:324,30,0,0
BRDA:324,30,1,0
BRF:51
BRH:0
end_of_record
TN:
SF:packages/plugins/@cortex/plugin-core/client/components/Dashboard/CostOverviewChart.tsx
FN:27,(anonymous_9)
FN:30,(anonymous_10)
FN:38,(anonymous_11)
FN:42,(anonymous_12)
FN:50,(anonymous_13)
FN:88,(anonymous_14)
FN:107,(anonymous_15)
FN:133,(anonymous_16)
FN:139,(anonymous_17)
FNF:9
FNH:0
FNDA:0,(anonymous_9)
FNDA:0,(anonymous_10)
FNDA:0,(anonymous_11)
FNDA:0,(anonymous_12)
FNDA:0,(anonymous_13)
FNDA:0,(anonymous_14)
FNDA:0,(anonymous_15)
FNDA:0,(anonymous_16)
FNDA:0,(anonymous_17)
DA:1,0
DA:2,0
DA:12,0
DA:14,0
DA:27,0
DA:28,0
DA:30,0
DA:32,0
DA:33,0
DA:37,0
DA:38,0
DA:42,0
DA:50,0
DA:59,0
DA:89,0
DA:108,0
DA:122,0
DA:133,0
DA:139,0
LF:19
LH:0
BRDA:27,0,0,0
BRDA:32,1,0,0
BRDA:66,2,0,0
BRDA:66,2,1,0
BRDA:75,3,0,0
BRDA:75,3,1,0
BRDA:82,4,0,0
BRDA:82,4,1,0
BRDA:83,5,0,0
BRDA:83,5,1,0
BRDA:84,6,0,0
BRDA:84,6,1,0
BRDA:85,7,0,0
BRDA:85,7,1,0
BRDA:97,8,0,0
BRDA:97,8,1,0
BRDA:100,9,0,0
BRDA:100,9,1,0
BRDA:106,10,0,0
BRDA:106,10,1,0
BRDA:112,11,0,0
BRDA:112,11,1,0
BRDA:128,12,0,0
BRDA:128,12,1,0
BRF:24
BRH:0
end_of_record
TN:
SF:packages/plugins/@cortex/plugin-core/client/components/Dashboard/LiveNetworkStatus.tsx
FN:19,(anonymous_9)
FN:24,(anonymous_10)
FN:30,(anonymous_11)
FN:35,(anonymous_12)
FN:40,(anonymous_13)
FN:52,(anonymous_14)
FN:58,(anonymous_15)
FN:70,(anonymous_16)
FN:83,(anonymous_17)
FN:159,(anonymous_18)
FNF:10
FNH:0
FNDA:0,(anonymous_9)
FNDA:0,(anonymous_10)
FNDA:0,(anonymous_11)
FNDA:0,(anonymous_12)
FNDA:0,(anonymous_13)
FNDA:0,(anonymous_14)
FNDA:0,(anonymous_15)
FNDA:0,(anonymous_16)
FNDA:0,(anonymous_17)
FNDA:0,(anonymous_18)
DA:1,0
DA:2,0
DA:19,0
DA:20,0
DA:21,0
DA:22,0
DA:24,0
DA:26,0
DA:30,0
DA:31,0
DA:32,0
DA:35,0
DA:36,0
DA:37,0
DA:40,0
DA:41,0
DA:44,0
DA:47,0
DA:50,0
DA:52,0
DA:53,0
DA:54,0
DA:58,0
DA:59,0
DA:60,0
DA:61,0
DA:62,0
DA:63,0
DA:66,0
DA:70,0
DA:71,0
DA:73,0
DA:75,0
DA:77,0
DA:79,0
DA:83,0
DA:84,0
DA:86,0
DA:96,0
DA:106,0
DA:116,0
DA:128,0
DA:160,0
LF:43
LH:0
BRDA:19,0,0,0
BRDA:61,1,0,0
BRDA:63,2,0,0
BRDA:63,2,1,0
BRDA:71,3,0,0
BRDA:71,3,1,0
BRDA:71,3,2,0
BRDA:71,3,3,0
BRDA:84,4,0,0
BRDA:84,4,1,0
BRDA:84,4,2,0
BRDA:84,4,3,0
BRDA:133,5,0,0
BRDA:133,5,1,0
BRDA:135,6,0,0
BRDA:135,6,1,0
BRDA:140,7,0,0
BRDA:140,7,1,0
BRDA:177,8,0,0
BRDA:177,8,1,0
BRDA:180,9,0,0
BRDA:180,9,1,0
BRDA:188,10,0,0
BRDA:188,10,1,0
BRDA:207,11,0,0
BRDA:207,11,1,0
BRF:26
BRH:0
end_of_record
TN:
SF:packages/plugins/@cortex/plugin-core/client/components/Help/FieldHelp.tsx
FN:9,(anonymous_1)
FNF:1
FNH:0
FNDA:0,(anonymous_1)
DA:1,0
DA:2,0
DA:9,0
DA:10,0
DA:12,0
LF:5
LH:0
BRDA:9,0,0,0
BRDA:10,1,0,0
BRDA:10,1,1,0
BRF:3
BRH:0
end_of_record
TN:
SF:packages/plugins/@cortex/plugin-core/client/components/Help/HelpTooltip.tsx
FN:9,(anonymous_9)
FN:16,(anonymous_10)
FN:31,(anonymous_11)
FN:49,(anonymous_12)
FN:50,(anonymous_13)
FNF:5
FNH:0
FNDA:0,(anonymous_9)
FNDA:0,(anonymous_10)
FNDA:0,(anonymous_11)
FNDA:0,(anonymous_12)
FNDA:0,(anonymous_13)
DA:1,0
DA:9,0
DA:14,0
DA:16,0
DA:17,0
DA:19,0
DA:21,0
DA:23,0
DA:25,0
DA:27,0
DA:31,0
DA:32,0
DA:34,0
DA:36,0
DA:38,0
DA:40,0
DA:42,0
DA:46,0
DA:49,0
DA:50,0
LF:20
LH:0
BRDA:11,0,0,0
BRDA:17,1,0,0
BRDA:17,1,1,0
BRDA:17,1,2,0
BRDA:17,1,3,0
BRDA:17,1,4,0
BRDA:32,2,0,0
BRDA:32,2,1,0
BRDA:32,2,2,0
BRDA:32,2,3,0
BRDA:32,2,4,0
BRDA:54,3,0,0
BRDA:54,3,1,0
BRF:13
BRH:0
end_of_record
TN:
SF:packages/plugins/@cortex/plugin-core/client/components/Layout/Breadcrumbs.tsx
FN:7,(anonymous_1)
FN:12,(anonymous_2)
FN:21,(anonymous_3)
FNF:3
FNH:0
FNDA:0,(anonymous_1)
FNDA:0,(anonymous_2)
FNDA:0,(anonymous_3)
DA:1,0
DA:7,0
DA:8,0
DA:10,0
DA:12,0
DA:18,0
DA:22,0
LF:7
LH:0
BRDA:24,0,0,0
BRDA:24,0,1,0
BRDA:41,1,0,0
BRDA:41,1,1,0
BRDA:45,2,0,0
BRDA:45,2,1,0
BRF:6
BRH:0
end_of_record
TN:
SF:packages/plugins/@cortex/plugin-core/client/components/Layout/ErrorBoundary.tsx
FN:17,(anonymous_9)
FN:21,(anonymous_10)
FN:25,(anonymous_11)
FN:53,(anonymous_12)
FNF:4
FNH:0
FNDA:0,(anonymous_9)
FNDA:0,(anonymous_10)
FNDA:0,(anonymous_11)
FNDA:0,(anonymous_12)
DA:1,0
DA:12,0
DA:13,0
DA:18,0
DA:22,0
DA:26,0
DA:27,0
DA:53,0
DA:64,0
LF:9
LH:0
BRDA:26,0,0,0
BRF:1
BRH:0
end_of_record
TN:
SF:packages/plugins/@cortex/plugin-core/client/components/Layout/GlobalLayout.tsx
FN:13,(anonymous_9)
FN:17,(anonymous_10)
FN:25,(anonymous_11)
FN:37,(anonymous_12)
FN:38,(anonymous_13)
FNF:5
FNH:0
FNDA:0,(anonymous_9)
FNDA:0,(anonymous_10)
FNDA:0,(anonymous_11)
FNDA:0,(anonymous_12)
FNDA:0,(anonymous_13)
DA:1,0
DA:2,0
DA:3,0
DA:4,0
DA:5,0
DA:6,0
DA:13,0
DA:14,0
DA:15,0
DA:17,0
DA:19,0
DA:20,0
DA:21,0
DA:25,0
DA:27,0
DA:28,0
DA:30,0
DA:34,0
DA:37,0
DA:38,0
DA:40,0
LF:21
LH:0
BRDA:13,0,0,0
BRDA:20,1,0,0
BRDA:27,2,0,0
BRDA:27,2,1,0
BRDA:53,3,0,0
BRDA:53,3,1,0
BRDA:66,4,0,0
BRDA:66,4,1,0
BRDA:67,5,0,0
BRDA:67,5,1,0
BRF:10
BRH:0
end_of_record
TN:
SF:packages/plugins/@cortex/plugin-core/client/components/Layout/Header.tsx
FN:10,(anonymous_1)
FNF:1
FNH:0
FNDA:0,(anonymous_1)
DA:1,0
DA:10,0
DA:16,0
LF:3
LH:0
BRDA:23,0,0,0
BRDA:23,0,1,0
BRDA:50,1,0,0
BRDA:50,1,1,0
BRDA:52,2,0,0
BRDA:52,2,1,0
BRF:6
BRH:0
end_of_record
TN:
SF:packages/plugins/@cortex/plugin-core/client/components/Layout/Sidebar.tsx
FN:14,(anonymous_1)
FN:82,(anonymous_2)
FNF:2
FNH:0
FNDA:0,(anonymous_1)
FNDA:0,(anonymous_2)
DA:1,0
DA:14,0
DA:15,0
DA:74,0
DA:83,0
LF:5
LH:0
BRDA:77,0,0,0
BRDA:77,0,1,0
BRDA:87,1,0,0
BRDA:87,1,1,0
BRDA:94,2,0,0
BRDA:94,2,1,0
BRF:6
BRH:0
end_of_record
TN:
SF:packages/plugins/@cortex/plugin-core/client/components/Onboarding/GetStartedModal.tsx
FN:8,(anonymous_9)
FN:99,(anonymous_10)
FN:101,(anonymous_11)
FN:102,(anonymous_12)
FN:112,(anonymous_13)
FN:118,(anonymous_14)
FN:151,(anonymous_15)
FN:166,(anonymous_16)
FNF:8
FNH:0
FNDA:0,(anonymous_9)
FNDA:0,(anonymous_10)
FNDA:0,(anonymous_11)
FNDA:0,(anonymous_12)
FNDA:0,(anonymous_13)
FNDA:0,(anonymous_14)
FNDA:0,(anonymous_15)
FNDA:0,(anonymous_16)
DA:1,0
DA:8,0
DA:9,0
DA:10,0
DA:12,0
DA:99,0
DA:101,0
DA:102,0
DA:103,0
DA:104,0
DA:107,0
DA:108,0
DA:112,0
DA:113,0
DA:114,0
DA:118,0
DA:119,0
DA:120,0
DA:123,0
DA:125,0
DA:152,0
DA:167,0
LF:22
LH:0
BRDA:103,0,0,0
BRDA:103,0,1,0
BRDA:113,1,0,0
BRDA:123,2,0,0
BRDA:155,3,0,0
BRDA:155,3,1,0
BRDA:157,4,0,0
BRDA:157,4,1,0
BRDA:170,5,0,0
BRDA:170,5,1,0
BRDA:199,6,0,0
BRDA:199,6,1,0
BRDA:211,7,0,0
BRDA:211,7,1,0
BRF:14
BRH:0
end_of_record
TN:
SF:packages/plugins/@cortex/plugin-core/server/plugin.ts
FN:9,(anonymous_0)
FN:11,(anonymous_1)
FN:13,(anonymous_2)
FN:22,(anonymous_3)
FN:36,(anonymous_4)
FN:38,(anonymous_5)
FN:40,(anonymous_6)
FN:42,(anonymous_7)
FNF:8
FNH:0
FNDA:0,(anonymous_0)
FNDA:0,(anonymous_1)
FNDA:0,(anonymous_2)
FNDA:0,(anonymous_3)
FNDA:0,(anonymous_4)
FNDA:0,(anonymous_5)
FNDA:0,(anonymous_6)
FNDA:0,(anonymous_7)
DA:1,0
DA:2,0
DA:3,0
DA:5,0
DA:15,0
DA:16,0
DA:19,0
DA:23,0
DA:45,0
LF:9
LH:0
BRF:0
BRH:0
end_of_record
TN:
SF:packages/plugins/@cortex/plugin-core/server/services/index.ts
FNF:0
FNH:0
DA:1,0
DA:2,0
LF:2
LH:0
BRF:0
BRH:0
end_of_record
TN:
SF:packages/plugins/@cortex/plugin-core/server/services/jobService.ts
FN:17,(anonymous_9)
FN:22,(anonymous_10)
FN:48,(anonymous_11)
FN:91,(anonymous_12)
FN:140,(anonymous_13)
FN:185,(anonymous_14)
FN:201,(anonymous_15)
FN:207,(anonymous_16)
FN:232,(anonymous_17)
FN:238,(anonymous_18)
FN:261,(anonymous_19)
FN:303,(anonymous_20)
FN:326,(anonymous_21)
FN:353,(anonymous_22)
FN:358,(anonymous_23)
FNF:15
FNH:14
FNDA:13,(anonymous_9)
FNDA:13,(anonymous_10)
FNDA:8,(anonymous_11)
FNDA:3,(anonymous_12)
FNDA:2,(anonymous_13)
FNDA:1,(anonymous_14)
FNDA:1,(anonymous_15)
FNDA:1,(anonymous_16)
FNDA:1,(anonymous_17)
FNDA:7,(anonymous_18)
FNDA:4,(anonymous_19)
FNDA:5,(anonymous_20)
FNDA:1,(anonymous_21)
FNDA:3,(anonymous_22)
FNDA:0,(anonymous_23)
DA:1,1
DA:9,1
DA:10,1
DA:11,1
DA:13,1
DA:14,13
DA:15,13
DA:18,13
DA:19,13
DA:23,13
DA:25,13
DA:26,13
DA:27,13
DA:28,13
DA:30,13
DA:31,13
DA:32,13
DA:33,13
DA:35,0
DA:41,0
DA:51,8
DA:52,8
DA:53,1
DA:56,7
DA:57,7
DA:60,7
DA:71,7
DA:78,7
DA:84,7
DA:86,0
DA:87,0
DA:93,3
DA:94,3
DA:95,1
DA:99,2
DA:100,2
DA:102,2
DA:103,0
DA:106,2
DA:107,2
DA:110,2
DA:113,2
DA:121,2
DA:122,2
DA:130,2
DA:132,0
DA:136,0
DA:141,2
DA:142,2
DA:143,0
DA:146,2
DA:147,2
DA:149,2
DA:150,0
DA:153,2
DA:154,2
DA:157,2
DA:164,2
DA:167,2
DA:172,2
DA:177,0
DA:181,0
DA:198,1
DA:204,1
DA:224,1
DA:228,1
DA:229,1
DA:233,1
DA:234,1
DA:247,7
DA:251,7
DA:253,0
DA:257,0
DA:272,4
DA:277,4
DA:295,0
DA:299,0
DA:313,5
DA:316,5
DA:318,0
DA:322,0
DA:339,1
DA:342,1
DA:344,0
DA:348,0
DA:354,3
DA:359,0
DA:360,0
DA:361,0
DA:364,0
DA:365,0
DA:366,0
DA:373,0
LF:93
LH:67
BRDA:37,0,0,0
BRDA:37,0,1,0
BRDA:43,1,0,0
BRDA:43,1,1,0
BRDA:52,2,0,1
BRDA:86,3,0,0
BRDA:86,3,1,0
BRDA:94,4,0,1
BRDA:102,5,0,0
BRDA:121,6,0,2
BRDA:134,7,0,0
BRDA:134,7,1,0
BRDA:142,8,0,0
BRDA:149,9,0,0
BRDA:179,10,0,0
BRDA:179,10,1,0
BRDA:255,11,0,0
BRDA:255,11,1,0
BRDA:297,12,0,0
BRDA:297,12,1,0
BRDA:320,13,0,0
BRDA:320,13,1,0
BRDA:346,14,0,0
BRDA:346,14,1,0
BRDA:360,15,0,0
BRDA:377,16,0,0
BRDA:377,16,1,0
BRF:27
BRH:3
end_of_record
TN:
SF:packages/plugins/@cortex/plugin-core/server/services/networkService.ts
FN:2,(anonymous_0)
FN:10,(anonymous_1)
FN:12,(anonymous_2)
FN:19,(anonymous_3)
FNF:4
FNH:0
FNDA:0,(anonymous_0)
FNDA:0,(anonymous_1)
FNDA:0,(anonymous_2)
FNDA:0,(anonymous_3)
DA:1,0
DA:3,0
DA:11,0
DA:12,0
DA:20,0
LF:5
LH:0
BRF:0
BRH:0
end_of_record
TN:
SF:packages/providers/akash/index.ts
FN:20,(anonymous_0)
FN:24,(anonymous_1)
FN:29,(anonymous_2)
FN:36,(anonymous_3)
FN:40,(anonymous_4)
FN:67,(anonymous_5)
FN:89,(anonymous_6)
FN:107,(anonymous_7)
FN:119,(anonymous_8)
FN:129,(anonymous_9)
FN:139,(anonymous_10)
FNF:11
FNH:0
FNDA:0,(anonymous_0)
FNDA:0,(anonymous_1)
FNDA:0,(anonymous_2)
FNDA:0,(anonymous_3)
FNDA:0,(anonymous_4)
FNDA:0,(anonymous_5)
FNDA:0,(anonymous_6)
FNDA:0,(anonymous_7)
FNDA:0,(anonymous_8)
FNDA:0,(anonymous_9)
FNDA:0,(anonymous_10)
DA:12,0
DA:13,0
DA:14,0
DA:16,0
DA:18,0
DA:21,0
DA:26,0
DA:30,0
DA:31,0
DA:33,0
DA:37,0
DA:42,0
DA:43,0
DA:47,0
DA:50,0
DA:51,0
DA:52,0
DA:53,0
DA:56,0
DA:58,0
DA:69,0
DA:70,0
DA:73,0
DA:74,0
DA:79,0
DA:91,0
DA:92,0
DA:95,0
DA:96,0
DA:100,0
DA:109,0
DA:120,0
DA:121,0
DA:122,0
DA:123,0
DA:124,0
DA:126,0
DA:130,0
DA:131,0
DA:132,0
DA:133,0
DA:134,0
DA:136,0
DA:141,0
LF:44
LH:0
BRDA:30,0,0,0
BRDA:42,1,0,0
BRDA:50,2,0,0
BRDA:50,2,1,0
BRDA:51,3,0,0
BRDA:51,3,1,0
BRDA:52,4,0,0
BRDA:52,4,1,0
BRDA:69,5,0,0
BRDA:73,6,0,0
BRDA:91,7,0,0
BRDA:95,8,0,0
BRDA:121,9,0,0
BRDA:121,9,1,0
BRDA:123,10,0,0
BRDA:131,11,0,0
BRDA:131,11,1,0
BRDA:133,12,0,0
BRF:18
BRH:0
end_of_record
TN:
SF:packages/providers/akash/__tests__/AkashProvider.test.ts
FN:5,(anonymous_0)
FN:12,(anonymous_1)
FN:13,(anonymous_2)
FN:16,(anonymous_3)
FN:20,(anonymous_4)
FN:30,(anonymous_5)
FN:34,(anonymous_6)
FN:35,(anonymous_7)
FN:42,(anonymous_8)
FN:43,(anonymous_9)
FN:48,(anonymous_10)
FN:55,(anonymous_11)
FN:63,(anonymous_12)
FN:67,(anonymous_13)
FN:71,(anonymous_14)
FN:75,(anonymous_15)
FN:79,(anonymous_16)
FN:83,(anonymous_17)
FNF:18
FNH:0
FNDA:0,(anonymous_0)
FNDA:0,(anonymous_1)
FNDA:0,(anonymous_2)
FNDA:0,(anonymous_3)
FNDA:0,(anonymous_4)
FNDA:0,(anonymous_5)
FNDA:0,(anonymous_6)
FNDA:0,(anonymous_7)
FNDA:0,(anonymous_8)
FNDA:0,(anonymous_9)
FNDA:0,(anonymous_10)
FNDA:0,(anonymous_11)
FNDA:0,(anonymous_12)
FNDA:0,(anonymous_13)
FNDA:0,(anonymous_14)
FNDA:0,(anonymous_15)
FNDA:0,(anonymous_16)
FNDA:0,(anonymous_17)
DA:1,0
DA:5,0
DA:12,0
DA:13,0
DA:16,0
DA:20,0
DA:21,0
DA:27,0
DA:30,0
DA:31,0
DA:34,0
DA:35,0
DA:36,0
DA:37,0
DA:38,0
DA:42,0
DA:43,0
DA:44,0
DA:45,0
DA:48,0
DA:49,0
DA:50,0
DA:51,0
DA:55,0
DA:56,0
DA:63,0
DA:64,0
DA:67,0
DA:68,0
DA:71,0
DA:72,0
DA:75,0
DA:76,0
DA:79,0
DA:80,0
DA:83,0
DA:84,0
LF:37
LH:0
BRF:0
BRH:0
end_of_record
TN:
SF:packages/workers/jobPoller/index.ts
FN:41,(anonymous_0)
FN:47,(anonymous_1)
FN:48,(anonymous_2)
FN:52,(anonymous_3)
FN:60,(anonymous_4)
FN:65,(anonymous_5)
FN:78,(anonymous_6)
FN:92,(anonymous_7)
FN:108,(anonymous_8)
FN:117,(anonymous_9)
FN:136,(anonymous_10)
FN:141,(anonymous_11)
FN:162,(anonymous_12)
FN:168,(anonymous_13)
FN:175,(anonymous_14)
FNF:15
FNH:0
FNDA:0,(anonymous_0)
FNDA:0,(anonymous_1)
FNDA:0,(anonymous_2)
FNDA:0,(anonymous_3)
FNDA:0,(anonymous_4)
FNDA:0,(anonymous_5)
FNDA:0,(anonymous_6)
FNDA:0,(anonymous_7)
FNDA:0,(anonymous_8)
FNDA:0,(anonymous_9)
FNDA:0,(anonymous_10)
FNDA:0,(anonymous_11)
FNDA:0,(anonymous_12)
FNDA:0,(anonymous_13)
FNDA:0,(anonymous_14)
DA:5,0
DA:28,0
DA:38,0
DA:42,0
DA:43,0
DA:44,0
DA:48,0
DA:49,0
DA:52,0
DA:53,0
DA:55,0
DA:56,0
DA:60,0
DA:61,0
DA:66,0
DA:67,0
DA:68,0
DA:71,0
DA:72,0
DA:75,0
DA:78,0
DA:79,0
DA:80,0
DA:82,0
DA:89,0
DA:93,0
DA:94,0
DA:97,0
DA:98,0
DA:100,0
DA:101,0
DA:102,0
DA:105,0
DA:109,0
DA:111,0
DA:112,0
DA:115,0
DA:117,0
DA:118,0
DA:120,0
DA:121,0
DA:124,0
DA:126,0
DA:133,0
DA:137,0
DA:142,0
DA:151,0
DA:156,0
DA:158,0
DA:159,0
DA:162,0
DA:163,0
DA:164,0
DA:165,0
DA:168,0
DA:169,0
DA:170,0
DA:171,0
DA:175,0
DA:176,0
DA:177,0
LF:61
LH:0
BRDA:41,0,0,0
BRDA:55,1,0,0
BRDA:55,2,0,0
BRDA:55,2,1,0
BRDA:61,3,0,0
BRDA:61,3,1,0
BRDA:66,4,0,0
BRDA:84,5,0,0
BRDA:84,5,1,0
BRDA:93,6,0,0
BRDA:100,7,0,0
BRDA:111,8,0,0
BRDA:120,9,0,0
BRDA:120,10,0,0
BRDA:120,10,1,0
BRDA:120,10,2,0
BRDA:128,11,0,0
BRDA:128,11,1,0
BRDA:156,12,0,0
BRDA:156,12,1,0
BRDA:158,13,0,0
BRDA:176,14,0,0
BRDA:176,14,1,0
BRF:23
BRH:0
end_of_record
TN:
SF:packages/workers/jobPoller/logger.ts
FN:6,(anonymous_0)
FN:11,(anonymous_1)
FN:18,(anonymous_2)
FN:25,(anonymous_3)
FN:32,(anonymous_4)
FNF:5
FNH:0
FNDA:0,(anonymous_0)
FNDA:0,(anonymous_1)
FNDA:0,(anonymous_2)
FNDA:0,(anonymous_3)
FNDA:0,(anonymous_4)
DA:2,0
DA:7,0
DA:8,0
DA:12,0
DA:14,0
DA:19,0
DA:21,0
DA:26,0
DA:28,0
DA:33,0
DA:35,0
DA:41,0
LF:12
LH:0
BRDA:6,0,0,0
BRDA:12,1,0,0
BRDA:19,2,0,0
BRDA:26,3,0,0
BRDA:33,4,0,0
BRF:5
BRH:0
end_of_record
TN:
SF:packages/workers/jobPoller/mockJobService.ts
FN:17,(anonymous_0)
FN:29,(anonymous_1)
FN:39,(anonymous_2)
FN:41,(anonymous_3)
FNF:4
FNH:0
FNDA:0,(anonymous_0)
FNDA:0,(anonymous_1)
FNDA:0,(anonymous_2)
FNDA:0,(anonymous_3)
DA:1,0
DA:2,0
DA:14,0
DA:15,0
DA:18,0
DA:19,0
DA:22,0
DA:30,0
DA:31,0
DA:41,0
LF:10
LH:0
BRF:0
BRH:0
end_of_record
TN:
SF:packages/workers/jobPoller/__tests__/jobPoller.test.ts
FN:4,(anonymous_0)
FN:5,(anonymous_1)
FN:12,(anonymous_2)
FN:15,(anonymous_3)
FN:19,(anonymous_4)
FN:23,(anonymous_5)
FN:30,(anonymous_6)
FN:36,(anonymous_7)
FN:43,(anonymous_8)
FN:53,(anonymous_9)
FN:59,(anonymous_10)
FNF:11
FNH:0
FNDA:0,(anonymous_0)
FNDA:0,(anonymous_1)
FNDA:0,(anonymous_2)
FNDA:0,(anonymous_3)
FNDA:0,(anonymous_4)
FNDA:0,(anonymous_5)
FNDA:0,(anonymous_6)
FNDA:0,(anonymous_7)
FNDA:0,(anonymous_8)
FNDA:0,(anonymous_9)
FNDA:0,(anonymous_10)
DA:1,0
DA:4,0
DA:5,0
DA:12,0
DA:15,0
DA:16,0
DA:19,0
DA:20,0
DA:23,0
DA:24,0
DA:25,0
DA:26,0
DA:27,0
DA:30,0
DA:31,0
DA:32,0
DA:33,0
DA:36,0
DA:37,0
DA:38,0
DA:39,0
DA:40,0
DA:43,0
DA:44,0
DA:45,0
DA:47,0
DA:49,0
DA:50,0
DA:53,0
DA:54,0
DA:56,0
DA:59,0
DA:61,0
DA:63,0
DA:64,0
LF:35
LH:0
BRF:0
BRH:0
end_of_record
